{"C:\\Users\\alber\\bootCamp\\collab\\skylab-bootcamp-201907\\staff\\albert-fuente\\skyshop\\skyshop-api\\logic\\cart\\add-to-cart\\index.spec.js":{"path":"C:\\Users\\alber\\bootCamp\\collab\\skylab-bootcamp-201907\\staff\\albert-fuente\\skyshop\\skyshop-api\\logic\\cart\\add-to-cart\\index.spec.js","statementMap":{"0":{"start":{"line":1,"column":0},"end":{"line":1,"column":26}},"1":{"start":{"line":2,"column":19},"end":{"line":2,"column":34}},"2":{"start":{"line":4,"column":18},"end":{"line":4,"column":30}},"3":{"start":{"line":5,"column":50},"end":{"line":5,"column":73}},"4":{"start":{"line":6,"column":26},"end":{"line":6,"column":33}},"5":{"start":{"line":9,"column":0},"end":{"line":130,"column":2}},"6":{"start":{"line":11,"column":4},"end":{"line":11,"column":47}},"7":{"start":{"line":11,"column":17},"end":{"line":11,"column":46}},"8":{"start":{"line":19,"column":4},"end":{"line":45,"column":6}},"9":{"start":{"line":21,"column":8},"end":{"line":21,"column":58}},"10":{"start":{"line":22,"column":8},"end":{"line":22,"column":24}},"11":{"start":{"line":24,"column":8},"end":{"line":24,"column":31}},"12":{"start":{"line":25,"column":12},"end":{"line":25,"column":42}},"13":{"start":{"line":26,"column":12},"end":{"line":26,"column":48}},"14":{"start":{"line":27,"column":12},"end":{"line":27,"column":55}},"15":{"start":{"line":28,"column":12},"end":{"line":28,"column":50}},"16":{"start":{"line":30,"column":12},"end":{"line":30,"column":44}},"17":{"start":{"line":31,"column":12},"end":{"line":31,"column":44}},"18":{"start":{"line":32,"column":12},"end":{"line":32,"column":56}},"19":{"start":{"line":33,"column":12},"end":{"line":33,"column":23}},"20":{"start":{"line":34,"column":12},"end":{"line":34,"column":44}},"21":{"start":{"line":35,"column":12},"end":{"line":35,"column":33}},"22":{"start":{"line":37,"column":26},"end":{"line":37,"column":92}},"23":{"start":{"line":38,"column":12},"end":{"line":38,"column":34}},"24":{"start":{"line":39,"column":12},"end":{"line":39,"column":20}},"25":{"start":{"line":40,"column":23},"end":{"line":40,"column":76}},"26":{"start":{"line":41,"column":12},"end":{"line":41,"column":28}},"27":{"start":{"line":42,"column":12},"end":{"line":42,"column":20}},"28":{"start":{"line":47,"column":4},"end":{"line":57,"column":6}},"29":{"start":{"line":48,"column":8},"end":{"line":48,"column":16}},"30":{"start":{"line":49,"column":8},"end":{"line":49,"column":51}},"31":{"start":{"line":51,"column":19},"end":{"line":51,"column":46}},"32":{"start":{"line":52,"column":8},"end":{"line":52,"column":29}},"33":{"start":{"line":53,"column":8},"end":{"line":53,"column":34}},"34":{"start":{"line":54,"column":8},"end":{"line":54,"column":57}},"35":{"start":{"line":85,"column":1},"end":{"line":89,"column":1}},"36":{"start":{"line":86,"column":1},"end":{"line":88,"column":39}},"37":{"start":{"line":87,"column":5},"end":{"line":87,"column":38}},"38":{"start":{"line":90,"column":0},"end":{"line":94,"column":1}},"39":{"start":{"line":91,"column":1},"end":{"line":93,"column":58}},"40":{"start":{"line":92,"column":4},"end":{"line":92,"column":44}},"41":{"start":{"line":95,"column":0},"end":{"line":99,"column":1}},"42":{"start":{"line":96,"column":1},"end":{"line":98,"column":52}},"43":{"start":{"line":97,"column":4},"end":{"line":97,"column":38}},"44":{"start":{"line":101,"column":0},"end":{"line":105,"column":1}},"45":{"start":{"line":102,"column":0},"end":{"line":104,"column":41}},"46":{"start":{"line":103,"column":4},"end":{"line":103,"column":34}},"47":{"start":{"line":106,"column":0},"end":{"line":110,"column":1}},"48":{"start":{"line":107,"column":0},"end":{"line":109,"column":60}},"49":{"start":{"line":108,"column":3},"end":{"line":108,"column":40}},"50":{"start":{"line":111,"column":0},"end":{"line":115,"column":1}},"51":{"start":{"line":112,"column":0},"end":{"line":114,"column":54}},"52":{"start":{"line":113,"column":3},"end":{"line":113,"column":34}},"53":{"start":{"line":117,"column":0},"end":{"line":121,"column":1}},"54":{"start":{"line":118,"column":0},"end":{"line":120,"column":53}},"55":{"start":{"line":119,"column":3},"end":{"line":119,"column":36}},"56":{"start":{"line":123,"column":0},"end":{"line":127,"column":1}},"57":{"start":{"line":124,"column":0},"end":{"line":126,"column":50}},"58":{"start":{"line":125,"column":3},"end":{"line":125,"column":33}},"59":{"start":{"line":129,"column":4},"end":{"line":129,"column":38}},"60":{"start":{"line":129,"column":16},"end":{"line":129,"column":37}}},"fnMap":{"0":{"name":"(anonymous_0)","decl":{"start":{"line":9,"column":32},"end":{"line":9,"column":33}},"loc":{"start":{"line":9,"column":38},"end":{"line":130,"column":1}},"line":9},"1":{"name":"(anonymous_1)","decl":{"start":{"line":11,"column":11},"end":{"line":11,"column":12}},"loc":{"start":{"line":11,"column":17},"end":{"line":11,"column":46}},"line":11},"2":{"name":"(anonymous_2)","decl":{"start":{"line":19,"column":15},"end":{"line":19,"column":16}},"loc":{"start":{"line":19,"column":26},"end":{"line":45,"column":5}},"line":19},"3":{"name":"(anonymous_3)","decl":{"start":{"line":47,"column":40},"end":{"line":47,"column":41}},"loc":{"start":{"line":47,"column":51},"end":{"line":57,"column":5}},"line":47},"4":{"name":"(anonymous_4)","decl":{"start":{"line":85,"column":35},"end":{"line":85,"column":36}},"loc":{"start":{"line":86,"column":1},"end":{"line":88,"column":39}},"line":86},"5":{"name":"(anonymous_5)","decl":{"start":{"line":86,"column":8},"end":{"line":86,"column":9}},"loc":{"start":{"line":87,"column":5},"end":{"line":87,"column":38}},"line":87},"6":{"name":"(anonymous_6)","decl":{"start":{"line":90,"column":38},"end":{"line":90,"column":39}},"loc":{"start":{"line":91,"column":1},"end":{"line":93,"column":58}},"line":91},"7":{"name":"(anonymous_7)","decl":{"start":{"line":91,"column":8},"end":{"line":91,"column":9}},"loc":{"start":{"line":92,"column":4},"end":{"line":92,"column":44}},"line":92},"8":{"name":"(anonymous_8)","decl":{"start":{"line":95,"column":48},"end":{"line":95,"column":49}},"loc":{"start":{"line":96,"column":1},"end":{"line":98,"column":52}},"line":96},"9":{"name":"(anonymous_9)","decl":{"start":{"line":96,"column":8},"end":{"line":96,"column":9}},"loc":{"start":{"line":97,"column":4},"end":{"line":97,"column":38}},"line":97},"10":{"name":"(anonymous_10)","decl":{"start":{"line":101,"column":37},"end":{"line":101,"column":38}},"loc":{"start":{"line":102,"column":0},"end":{"line":104,"column":41}},"line":102},"11":{"name":"(anonymous_11)","decl":{"start":{"line":102,"column":7},"end":{"line":102,"column":8}},"loc":{"start":{"line":103,"column":4},"end":{"line":103,"column":34}},"line":103},"12":{"name":"(anonymous_12)","decl":{"start":{"line":106,"column":41},"end":{"line":106,"column":42}},"loc":{"start":{"line":107,"column":0},"end":{"line":109,"column":60}},"line":107},"13":{"name":"(anonymous_13)","decl":{"start":{"line":107,"column":7},"end":{"line":107,"column":8}},"loc":{"start":{"line":108,"column":3},"end":{"line":108,"column":40}},"line":108},"14":{"name":"(anonymous_14)","decl":{"start":{"line":111,"column":51},"end":{"line":111,"column":52}},"loc":{"start":{"line":112,"column":0},"end":{"line":114,"column":54}},"line":112},"15":{"name":"(anonymous_15)","decl":{"start":{"line":112,"column":7},"end":{"line":112,"column":8}},"loc":{"start":{"line":113,"column":3},"end":{"line":113,"column":34}},"line":113},"16":{"name":"(anonymous_16)","decl":{"start":{"line":117,"column":51},"end":{"line":117,"column":52}},"loc":{"start":{"line":118,"column":0},"end":{"line":120,"column":53}},"line":118},"17":{"name":"(anonymous_17)","decl":{"start":{"line":118,"column":7},"end":{"line":118,"column":8}},"loc":{"start":{"line":119,"column":3},"end":{"line":119,"column":36}},"line":119},"18":{"name":"(anonymous_18)","decl":{"start":{"line":123,"column":51},"end":{"line":123,"column":52}},"loc":{"start":{"line":124,"column":0},"end":{"line":126,"column":50}},"line":124},"19":{"name":"(anonymous_19)","decl":{"start":{"line":124,"column":7},"end":{"line":124,"column":8}},"loc":{"start":{"line":125,"column":3},"end":{"line":125,"column":33}},"line":125},"20":{"name":"(anonymous_20)","decl":{"start":{"line":129,"column":10},"end":{"line":129,"column":11}},"loc":{"start":{"line":129,"column":16},"end":{"line":129,"column":37}},"line":129}},"branchMap":{},"s":{"0":1,"1":1,"2":1,"3":1,"4":1,"5":1,"6":1,"7":1,"8":1,"9":9,"10":9,"11":9,"12":9,"13":9,"14":9,"15":9,"16":9,"17":9,"18":9,"19":9,"20":9,"21":9,"22":9,"23":9,"24":9,"25":9,"26":9,"27":9,"28":1,"29":1,"30":1,"31":1,"32":1,"33":1,"34":1,"35":1,"36":1,"37":1,"38":1,"39":1,"40":1,"41":1,"42":1,"43":1,"44":1,"45":1,"46":1,"47":1,"48":1,"49":1,"50":1,"51":1,"52":1,"53":1,"54":1,"55":1,"56":1,"57":1,"58":1,"59":1,"60":1},"f":{"0":1,"1":1,"2":9,"3":1,"4":1,"5":1,"6":1,"7":1,"8":1,"9":1,"10":1,"11":1,"12":1,"13":1,"14":1,"15":1,"16":1,"17":1,"18":1,"19":1,"20":1},"b":{},"_coverageSchema":"43e27e138ebf9cfc5966b082cf9a028302ed4184","hash":"6dc861a46aa4d767793bdbdd79b2d33f9273b2a4","contentHash":"bf1f7cff067eac274db959f0fe22be206bd46b036707239072a667580d153a63"},"C:\\Users\\alber\\bootCamp\\collab\\skylab-bootcamp-201907\\staff\\albert-fuente\\skyshop\\skyshop-api\\logic\\cart\\add-to-cart\\index.js":{"path":"C:\\Users\\alber\\bootCamp\\collab\\skylab-bootcamp-201907\\staff\\albert-fuente\\skyshop\\skyshop-api\\logic\\cart\\add-to-cart\\index.js","statementMap":{"0":{"start":{"line":1,"column":35},"end":{"line":1,"column":58}},"1":{"start":{"line":2,"column":21},"end":{"line":2,"column":45}},"2":{"start":{"line":15,"column":0},"end":{"line":42,"column":1}},"3":{"start":{"line":16,"column":4},"end":{"line":16,"column":37}},"4":{"start":{"line":17,"column":4},"end":{"line":17,"column":43}},"5":{"start":{"line":18,"column":4},"end":{"line":18,"column":41}},"6":{"start":{"line":20,"column":4},"end":{"line":41,"column":8}},"7":{"start":{"line":21,"column":21},"end":{"line":21,"column":48}},"8":{"start":{"line":22,"column":8},"end":{"line":22,"column":16}},"9":{"start":{"line":24,"column":8},"end":{"line":24,"column":71}},"10":{"start":{"line":24,"column":19},"end":{"line":24,"column":71}},"11":{"start":{"line":26,"column":19},"end":{"line":26,"column":80}},"12":{"start":{"line":26,"column":42},"end":{"line":26,"column":79}},"13":{"start":{"line":28,"column":8},"end":{"line":33,"column":9}},"14":{"start":{"line":28,"column":18},"end":{"line":28,"column":43}},"15":{"start":{"line":31,"column":12},"end":{"line":31,"column":59}},"16":{"start":{"line":32,"column":12},"end":{"line":32,"column":32}},"17":{"start":{"line":34,"column":8},"end":{"line":34,"column":25}},"18":{"start":{"line":35,"column":22},"end":{"line":35,"column":49}},"19":{"start":{"line":36,"column":20},"end":{"line":36,"column":82}},"20":{"start":{"line":36,"column":44},"end":{"line":36,"column":81}},"21":{"start":{"line":37,"column":8},"end":{"line":37,"column":45}},"22":{"start":{"line":37,"column":29},"end":{"line":37,"column":45}},"23":{"start":{"line":39,"column":8},"end":{"line":39,"column":26}}},"fnMap":{"0":{"name":"(anonymous_0)","decl":{"start":{"line":15,"column":17},"end":{"line":15,"column":18}},"loc":{"start":{"line":15,"column":55},"end":{"line":42,"column":1}},"line":15},"1":{"name":"(anonymous_1)","decl":{"start":{"line":20,"column":12},"end":{"line":20,"column":13}},"loc":{"start":{"line":20,"column":24},"end":{"line":41,"column":5}},"line":20},"2":{"name":"(anonymous_2)","decl":{"start":{"line":26,"column":34},"end":{"line":26,"column":35}},"loc":{"start":{"line":26,"column":42},"end":{"line":26,"column":79}},"line":26},"3":{"name":"(anonymous_3)","decl":{"start":{"line":36,"column":36},"end":{"line":36,"column":37}},"loc":{"start":{"line":36,"column":44},"end":{"line":36,"column":81}},"line":36}},"branchMap":{"0":{"loc":{"start":{"line":24,"column":8},"end":{"line":24,"column":71}},"type":"if","locations":[{"start":{"line":24,"column":8},"end":{"line":24,"column":71}},{"start":{"line":24,"column":8},"end":{"line":24,"column":71}}],"line":24},"1":{"loc":{"start":{"line":28,"column":8},"end":{"line":33,"column":9}},"type":"if","locations":[{"start":{"line":28,"column":8},"end":{"line":33,"column":9}},{"start":{"line":28,"column":8},"end":{"line":33,"column":9}}],"line":28},"2":{"loc":{"start":{"line":37,"column":8},"end":{"line":37,"column":45}},"type":"if","locations":[{"start":{"line":37,"column":8},"end":{"line":37,"column":45}},{"start":{"line":37,"column":8},"end":{"line":37,"column":45}}],"line":37}},"s":{"0":1,"1":1,"2":1,"3":9,"4":6,"5":3,"6":1,"7":1,"8":1,"9":1,"10":0,"11":1,"12":0,"13":1,"14":0,"15":1,"16":1,"17":1,"18":1,"19":1,"20":1,"21":1,"22":0,"23":1},"f":{"0":9,"1":1,"2":0,"3":1},"b":{"0":[0,1],"1":[0,1],"2":[0,1]},"_coverageSchema":"43e27e138ebf9cfc5966b082cf9a028302ed4184","hash":"0fc932101159b33b6184fbce3e5e102cc2f7707d","contentHash":"bfe1c1040ea2a85ccdfae87cf52397b834fc23299c87c475993d23b667481fef"},"C:\\Users\\alber\\bootCamp\\collab\\skylab-bootcamp-201907\\staff\\albert-fuente\\skyshop\\skyshop-api\\logic\\cart\\list-cart\\index.spec.js":{"path":"C:\\Users\\alber\\bootCamp\\collab\\skylab-bootcamp-201907\\staff\\albert-fuente\\skyshop\\skyshop-api\\logic\\cart\\list-cart\\index.spec.js","statementMap":{"0":{"start":{"line":1,"column":0},"end":{"line":1,"column":26}},"1":{"start":{"line":2,"column":19},"end":{"line":2,"column":34}},"2":{"start":{"line":4,"column":17},"end":{"line":4,"column":29}},"3":{"start":{"line":5,"column":56},"end":{"line":5,"column":79}},"4":{"start":{"line":6,"column":26},"end":{"line":6,"column":33}},"5":{"start":{"line":9,"column":0},"end":{"line":77,"column":2}},"6":{"start":{"line":11,"column":4},"end":{"line":11,"column":47}},"7":{"start":{"line":11,"column":17},"end":{"line":11,"column":46}},"8":{"start":{"line":17,"column":4},"end":{"line":46,"column":6}},"9":{"start":{"line":19,"column":8},"end":{"line":19,"column":58}},"10":{"start":{"line":20,"column":8},"end":{"line":20,"column":24}},"11":{"start":{"line":22,"column":8},"end":{"line":22,"column":31}},"12":{"start":{"line":23,"column":12},"end":{"line":23,"column":42}},"13":{"start":{"line":24,"column":12},"end":{"line":24,"column":48}},"14":{"start":{"line":25,"column":12},"end":{"line":25,"column":55}},"15":{"start":{"line":26,"column":12},"end":{"line":26,"column":50}},"16":{"start":{"line":28,"column":12},"end":{"line":28,"column":44}},"17":{"start":{"line":29,"column":12},"end":{"line":29,"column":44}},"18":{"start":{"line":30,"column":12},"end":{"line":30,"column":56}},"19":{"start":{"line":31,"column":12},"end":{"line":31,"column":23}},"20":{"start":{"line":32,"column":12},"end":{"line":32,"column":44}},"21":{"start":{"line":33,"column":12},"end":{"line":33,"column":33}},"22":{"start":{"line":35,"column":26},"end":{"line":35,"column":92}},"23":{"start":{"line":36,"column":12},"end":{"line":36,"column":34}},"24":{"start":{"line":38,"column":12},"end":{"line":38,"column":70}},"25":{"start":{"line":39,"column":12},"end":{"line":39,"column":28}},"26":{"start":{"line":41,"column":23},"end":{"line":41,"column":71}},"27":{"start":{"line":43,"column":12},"end":{"line":43,"column":32}},"28":{"start":{"line":44,"column":12},"end":{"line":44,"column":29}},"29":{"start":{"line":48,"column":4},"end":{"line":58,"column":6}},"30":{"start":{"line":51,"column":8},"end":{"line":51,"column":30}},"31":{"start":{"line":52,"column":19},"end":{"line":52,"column":46}},"32":{"start":{"line":53,"column":8},"end":{"line":53,"column":16}},"33":{"start":{"line":54,"column":8},"end":{"line":54,"column":37}},"34":{"start":{"line":55,"column":8},"end":{"line":55,"column":57}},"35":{"start":{"line":56,"column":8},"end":{"line":56,"column":45}},"36":{"start":{"line":60,"column":1},"end":{"line":64,"column":1}},"37":{"start":{"line":61,"column":1},"end":{"line":63,"column":39}},"38":{"start":{"line":62,"column":5},"end":{"line":62,"column":17}},"39":{"start":{"line":65,"column":0},"end":{"line":69,"column":1}},"40":{"start":{"line":66,"column":1},"end":{"line":68,"column":58}},"41":{"start":{"line":67,"column":4},"end":{"line":67,"column":23}},"42":{"start":{"line":70,"column":0},"end":{"line":74,"column":1}},"43":{"start":{"line":71,"column":1},"end":{"line":73,"column":52}},"44":{"start":{"line":72,"column":4},"end":{"line":72,"column":17}},"45":{"start":{"line":76,"column":4},"end":{"line":76,"column":38}},"46":{"start":{"line":76,"column":16},"end":{"line":76,"column":37}}},"fnMap":{"0":{"name":"(anonymous_0)","decl":{"start":{"line":9,"column":30},"end":{"line":9,"column":31}},"loc":{"start":{"line":9,"column":36},"end":{"line":77,"column":1}},"line":9},"1":{"name":"(anonymous_1)","decl":{"start":{"line":11,"column":11},"end":{"line":11,"column":12}},"loc":{"start":{"line":11,"column":17},"end":{"line":11,"column":46}},"line":11},"2":{"name":"(anonymous_2)","decl":{"start":{"line":17,"column":15},"end":{"line":17,"column":16}},"loc":{"start":{"line":17,"column":26},"end":{"line":46,"column":5}},"line":17},"3":{"name":"(anonymous_3)","decl":{"start":{"line":48,"column":40},"end":{"line":48,"column":41}},"loc":{"start":{"line":48,"column":51},"end":{"line":58,"column":5}},"line":48},"4":{"name":"(anonymous_4)","decl":{"start":{"line":60,"column":35},"end":{"line":60,"column":36}},"loc":{"start":{"line":61,"column":1},"end":{"line":63,"column":39}},"line":61},"5":{"name":"(anonymous_5)","decl":{"start":{"line":61,"column":8},"end":{"line":61,"column":9}},"loc":{"start":{"line":62,"column":5},"end":{"line":62,"column":17}},"line":62},"6":{"name":"(anonymous_6)","decl":{"start":{"line":65,"column":38},"end":{"line":65,"column":39}},"loc":{"start":{"line":66,"column":1},"end":{"line":68,"column":58}},"line":66},"7":{"name":"(anonymous_7)","decl":{"start":{"line":66,"column":8},"end":{"line":66,"column":9}},"loc":{"start":{"line":67,"column":4},"end":{"line":67,"column":23}},"line":67},"8":{"name":"(anonymous_8)","decl":{"start":{"line":70,"column":48},"end":{"line":70,"column":49}},"loc":{"start":{"line":71,"column":1},"end":{"line":73,"column":52}},"line":71},"9":{"name":"(anonymous_9)","decl":{"start":{"line":71,"column":8},"end":{"line":71,"column":9}},"loc":{"start":{"line":72,"column":4},"end":{"line":72,"column":17}},"line":72},"10":{"name":"(anonymous_10)","decl":{"start":{"line":76,"column":10},"end":{"line":76,"column":11}},"loc":{"start":{"line":76,"column":16},"end":{"line":76,"column":37}},"line":76}},"branchMap":{},"s":{"0":1,"1":1,"2":1,"3":1,"4":1,"5":1,"6":1,"7":1,"8":1,"9":4,"10":4,"11":4,"12":4,"13":4,"14":4,"15":4,"16":4,"17":4,"18":4,"19":4,"20":4,"21":4,"22":4,"23":4,"24":4,"25":4,"26":4,"27":4,"28":4,"29":1,"30":1,"31":1,"32":1,"33":1,"34":1,"35":1,"36":1,"37":1,"38":1,"39":1,"40":1,"41":1,"42":1,"43":1,"44":1,"45":1,"46":1},"f":{"0":1,"1":1,"2":4,"3":1,"4":1,"5":1,"6":1,"7":1,"8":1,"9":1,"10":1},"b":{},"_coverageSchema":"43e27e138ebf9cfc5966b082cf9a028302ed4184","hash":"f37df9084ae2b66315c42ebb7d9559f94bf3816b","contentHash":"6ba0884724077bbb4818ce4729c965a1e8d977af0fd01983822ee4b63663393b"},"C:\\Users\\alber\\bootCamp\\collab\\skylab-bootcamp-201907\\staff\\albert-fuente\\skyshop\\skyshop-api\\logic\\cart\\list-cart\\index.js":{"path":"C:\\Users\\alber\\bootCamp\\collab\\skylab-bootcamp-201907\\staff\\albert-fuente\\skyshop\\skyshop-api\\logic\\cart\\list-cart\\index.js","statementMap":{"0":{"start":{"line":1,"column":35},"end":{"line":1,"column":58}},"1":{"start":{"line":2,"column":21},"end":{"line":2,"column":45}},"2":{"start":{"line":13,"column":0},"end":{"line":25,"column":1}},"3":{"start":{"line":14,"column":4},"end":{"line":14,"column":37}},"4":{"start":{"line":16,"column":4},"end":{"line":24,"column":8}},"5":{"start":{"line":17,"column":21},"end":{"line":17,"column":48}},"6":{"start":{"line":18,"column":8},"end":{"line":18,"column":16}},"7":{"start":{"line":19,"column":8},"end":{"line":19,"column":71}},"8":{"start":{"line":19,"column":19},"end":{"line":19,"column":71}},"9":{"start":{"line":20,"column":25},"end":{"line":20,"column":96}},"10":{"start":{"line":22,"column":8},"end":{"line":22,"column":19}}},"fnMap":{"0":{"name":"(anonymous_0)","decl":{"start":{"line":13,"column":17},"end":{"line":13,"column":18}},"loc":{"start":{"line":13,"column":34},"end":{"line":25,"column":1}},"line":13},"1":{"name":"(anonymous_1)","decl":{"start":{"line":16,"column":12},"end":{"line":16,"column":13}},"loc":{"start":{"line":16,"column":24},"end":{"line":24,"column":5}},"line":16}},"branchMap":{"0":{"loc":{"start":{"line":19,"column":8},"end":{"line":19,"column":71}},"type":"if","locations":[{"start":{"line":19,"column":8},"end":{"line":19,"column":71}},{"start":{"line":19,"column":8},"end":{"line":19,"column":71}}],"line":19}},"s":{"0":1,"1":1,"2":1,"3":4,"4":1,"5":1,"6":1,"7":1,"8":0,"9":1,"10":1},"f":{"0":4,"1":1},"b":{"0":[0,1]},"_coverageSchema":"43e27e138ebf9cfc5966b082cf9a028302ed4184","hash":"333c475f3e823c2137cc9dd3a63b21a3f794d799","contentHash":"a55d43a59b01da144535dd0cccb7ba84b5ca5d2632e49c6f0efea3c773615aab"},"C:\\Users\\alber\\bootCamp\\collab\\skylab-bootcamp-201907\\staff\\albert-fuente\\skyshop\\skyshop-api\\logic\\cart\\remove-product\\index.spec.js":{"path":"C:\\Users\\alber\\bootCamp\\collab\\skylab-bootcamp-201907\\staff\\albert-fuente\\skyshop\\skyshop-api\\logic\\cart\\remove-product\\index.spec.js","statementMap":{"0":{"start":{"line":1,"column":0},"end":{"line":1,"column":26}},"1":{"start":{"line":2,"column":19},"end":{"line":2,"column":34}},"2":{"start":{"line":4,"column":22},"end":{"line":4,"column":34}},"3":{"start":{"line":5,"column":56},"end":{"line":5,"column":79}},"4":{"start":{"line":6,"column":26},"end":{"line":6,"column":33}},"5":{"start":{"line":9,"column":0},"end":{"line":96,"column":2}},"6":{"start":{"line":11,"column":4},"end":{"line":11,"column":47}},"7":{"start":{"line":11,"column":17},"end":{"line":11,"column":46}},"8":{"start":{"line":17,"column":4},"end":{"line":46,"column":6}},"9":{"start":{"line":19,"column":8},"end":{"line":19,"column":58}},"10":{"start":{"line":20,"column":8},"end":{"line":20,"column":24}},"11":{"start":{"line":22,"column":8},"end":{"line":22,"column":31}},"12":{"start":{"line":23,"column":12},"end":{"line":23,"column":42}},"13":{"start":{"line":24,"column":12},"end":{"line":24,"column":48}},"14":{"start":{"line":25,"column":12},"end":{"line":25,"column":55}},"15":{"start":{"line":26,"column":12},"end":{"line":26,"column":50}},"16":{"start":{"line":28,"column":12},"end":{"line":28,"column":44}},"17":{"start":{"line":29,"column":12},"end":{"line":29,"column":44}},"18":{"start":{"line":30,"column":12},"end":{"line":30,"column":56}},"19":{"start":{"line":31,"column":12},"end":{"line":31,"column":23}},"20":{"start":{"line":32,"column":12},"end":{"line":32,"column":44}},"21":{"start":{"line":33,"column":12},"end":{"line":33,"column":33}},"22":{"start":{"line":35,"column":26},"end":{"line":35,"column":92}},"23":{"start":{"line":36,"column":12},"end":{"line":36,"column":34}},"24":{"start":{"line":38,"column":12},"end":{"line":38,"column":70}},"25":{"start":{"line":39,"column":12},"end":{"line":39,"column":28}},"26":{"start":{"line":41,"column":23},"end":{"line":41,"column":71}},"27":{"start":{"line":42,"column":12},"end":{"line":42,"column":20}},"28":{"start":{"line":43,"column":12},"end":{"line":43,"column":32}},"29":{"start":{"line":44,"column":12},"end":{"line":44,"column":29}},"30":{"start":{"line":48,"column":4},"end":{"line":59,"column":6}},"31":{"start":{"line":51,"column":8},"end":{"line":51,"column":45}},"32":{"start":{"line":52,"column":19},"end":{"line":52,"column":46}},"33":{"start":{"line":53,"column":14},"end":{"line":53,"column":22}},"34":{"start":{"line":54,"column":8},"end":{"line":54,"column":41}},"35":{"start":{"line":61,"column":1},"end":{"line":65,"column":1}},"36":{"start":{"line":62,"column":1},"end":{"line":64,"column":39}},"37":{"start":{"line":63,"column":5},"end":{"line":63,"column":32}},"38":{"start":{"line":66,"column":0},"end":{"line":70,"column":1}},"39":{"start":{"line":67,"column":1},"end":{"line":69,"column":58}},"40":{"start":{"line":68,"column":4},"end":{"line":68,"column":38}},"41":{"start":{"line":71,"column":0},"end":{"line":75,"column":1}},"42":{"start":{"line":72,"column":1},"end":{"line":74,"column":52}},"43":{"start":{"line":73,"column":4},"end":{"line":73,"column":32}},"44":{"start":{"line":77,"column":0},"end":{"line":81,"column":1}},"45":{"start":{"line":78,"column":0},"end":{"line":80,"column":41}},"46":{"start":{"line":79,"column":4},"end":{"line":79,"column":28}},"47":{"start":{"line":82,"column":0},"end":{"line":86,"column":1}},"48":{"start":{"line":83,"column":0},"end":{"line":85,"column":60}},"49":{"start":{"line":84,"column":3},"end":{"line":84,"column":34}},"50":{"start":{"line":87,"column":0},"end":{"line":91,"column":1}},"51":{"start":{"line":88,"column":0},"end":{"line":90,"column":54}},"52":{"start":{"line":89,"column":3},"end":{"line":89,"column":28}},"53":{"start":{"line":95,"column":4},"end":{"line":95,"column":38}},"54":{"start":{"line":95,"column":16},"end":{"line":95,"column":37}}},"fnMap":{"0":{"name":"(anonymous_0)","decl":{"start":{"line":9,"column":37},"end":{"line":9,"column":38}},"loc":{"start":{"line":9,"column":43},"end":{"line":96,"column":1}},"line":9},"1":{"name":"(anonymous_1)","decl":{"start":{"line":11,"column":11},"end":{"line":11,"column":12}},"loc":{"start":{"line":11,"column":17},"end":{"line":11,"column":46}},"line":11},"2":{"name":"(anonymous_2)","decl":{"start":{"line":17,"column":15},"end":{"line":17,"column":16}},"loc":{"start":{"line":17,"column":26},"end":{"line":46,"column":5}},"line":17},"3":{"name":"(anonymous_3)","decl":{"start":{"line":48,"column":40},"end":{"line":48,"column":41}},"loc":{"start":{"line":48,"column":51},"end":{"line":59,"column":5}},"line":48},"4":{"name":"(anonymous_4)","decl":{"start":{"line":61,"column":35},"end":{"line":61,"column":36}},"loc":{"start":{"line":62,"column":1},"end":{"line":64,"column":39}},"line":62},"5":{"name":"(anonymous_5)","decl":{"start":{"line":62,"column":8},"end":{"line":62,"column":9}},"loc":{"start":{"line":63,"column":5},"end":{"line":63,"column":32}},"line":63},"6":{"name":"(anonymous_6)","decl":{"start":{"line":66,"column":38},"end":{"line":66,"column":39}},"loc":{"start":{"line":67,"column":1},"end":{"line":69,"column":58}},"line":67},"7":{"name":"(anonymous_7)","decl":{"start":{"line":67,"column":8},"end":{"line":67,"column":9}},"loc":{"start":{"line":68,"column":4},"end":{"line":68,"column":38}},"line":68},"8":{"name":"(anonymous_8)","decl":{"start":{"line":71,"column":48},"end":{"line":71,"column":49}},"loc":{"start":{"line":72,"column":1},"end":{"line":74,"column":52}},"line":72},"9":{"name":"(anonymous_9)","decl":{"start":{"line":72,"column":8},"end":{"line":72,"column":9}},"loc":{"start":{"line":73,"column":4},"end":{"line":73,"column":32}},"line":73},"10":{"name":"(anonymous_10)","decl":{"start":{"line":77,"column":37},"end":{"line":77,"column":38}},"loc":{"start":{"line":78,"column":0},"end":{"line":80,"column":41}},"line":78},"11":{"name":"(anonymous_11)","decl":{"start":{"line":78,"column":7},"end":{"line":78,"column":8}},"loc":{"start":{"line":79,"column":4},"end":{"line":79,"column":28}},"line":79},"12":{"name":"(anonymous_12)","decl":{"start":{"line":82,"column":41},"end":{"line":82,"column":42}},"loc":{"start":{"line":83,"column":0},"end":{"line":85,"column":60}},"line":83},"13":{"name":"(anonymous_13)","decl":{"start":{"line":83,"column":7},"end":{"line":83,"column":8}},"loc":{"start":{"line":84,"column":3},"end":{"line":84,"column":34}},"line":84},"14":{"name":"(anonymous_14)","decl":{"start":{"line":87,"column":51},"end":{"line":87,"column":52}},"loc":{"start":{"line":88,"column":0},"end":{"line":90,"column":54}},"line":88},"15":{"name":"(anonymous_15)","decl":{"start":{"line":88,"column":7},"end":{"line":88,"column":8}},"loc":{"start":{"line":89,"column":3},"end":{"line":89,"column":28}},"line":89},"16":{"name":"(anonymous_16)","decl":{"start":{"line":95,"column":10},"end":{"line":95,"column":11}},"loc":{"start":{"line":95,"column":16},"end":{"line":95,"column":37}},"line":95}},"branchMap":{},"s":{"0":1,"1":1,"2":1,"3":1,"4":1,"5":1,"6":1,"7":1,"8":1,"9":7,"10":7,"11":7,"12":7,"13":7,"14":7,"15":7,"16":7,"17":7,"18":7,"19":7,"20":7,"21":7,"22":7,"23":7,"24":7,"25":7,"26":7,"27":7,"28":7,"29":7,"30":1,"31":1,"32":1,"33":1,"34":1,"35":1,"36":1,"37":1,"38":1,"39":1,"40":1,"41":1,"42":1,"43":1,"44":1,"45":1,"46":1,"47":1,"48":1,"49":1,"50":1,"51":1,"52":1,"53":1,"54":1},"f":{"0":1,"1":1,"2":7,"3":1,"4":1,"5":1,"6":1,"7":1,"8":1,"9":1,"10":1,"11":1,"12":1,"13":1,"14":1,"15":1,"16":1},"b":{},"_coverageSchema":"43e27e138ebf9cfc5966b082cf9a028302ed4184","hash":"bb24656fd238b956a87b9f5f017971add50c8a1a","contentHash":"84a74f5c0f890018fff14879a4c3f19991556c8d28956872b8231a5a385fcb8d"},"C:\\Users\\alber\\bootCamp\\collab\\skylab-bootcamp-201907\\staff\\albert-fuente\\skyshop\\skyshop-api\\logic\\cart\\remove-product\\index.js":{"path":"C:\\Users\\alber\\bootCamp\\collab\\skylab-bootcamp-201907\\staff\\albert-fuente\\skyshop\\skyshop-api\\logic\\cart\\remove-product\\index.js","statementMap":{"0":{"start":{"line":1,"column":51},"end":{"line":1,"column":74}},"1":{"start":{"line":2,"column":21},"end":{"line":2,"column":45}},"2":{"start":{"line":13,"column":0},"end":{"line":34,"column":1}},"3":{"start":{"line":15,"column":4},"end":{"line":15,"column":37}},"4":{"start":{"line":16,"column":4},"end":{"line":16,"column":43}},"5":{"start":{"line":17,"column":4},"end":{"line":33,"column":8}},"6":{"start":{"line":18,"column":21},"end":{"line":18,"column":48}},"7":{"start":{"line":21,"column":8},"end":{"line":21,"column":48}},"8":{"start":{"line":21,"column":19},"end":{"line":21,"column":48}},"9":{"start":{"line":23,"column":19},"end":{"line":27,"column":11}},"10":{"start":{"line":24,"column":12},"end":{"line":24,"column":20}},"11":{"start":{"line":25,"column":12},"end":{"line":25,"column":56}},"12":{"start":{"line":29,"column":8},"end":{"line":29,"column":53}},"13":{"start":{"line":29,"column":23},"end":{"line":29,"column":53}},"14":{"start":{"line":30,"column":8},"end":{"line":30,"column":50}},"15":{"start":{"line":30,"column":21},"end":{"line":30,"column":50}},"16":{"start":{"line":32,"column":8},"end":{"line":32,"column":25}}},"fnMap":{"0":{"name":"(anonymous_0)","decl":{"start":{"line":13,"column":17},"end":{"line":13,"column":18}},"loc":{"start":{"line":13,"column":46},"end":{"line":34,"column":1}},"line":13},"1":{"name":"(anonymous_1)","decl":{"start":{"line":17,"column":12},"end":{"line":17,"column":13}},"loc":{"start":{"line":17,"column":24},"end":{"line":33,"column":5}},"line":17},"2":{"name":"(anonymous_2)","decl":{"start":{"line":23,"column":39},"end":{"line":23,"column":40}},"loc":{"start":{"line":23,"column":47},"end":{"line":27,"column":10}},"line":23}},"branchMap":{"0":{"loc":{"start":{"line":21,"column":8},"end":{"line":21,"column":48}},"type":"if","locations":[{"start":{"line":21,"column":8},"end":{"line":21,"column":48}},{"start":{"line":21,"column":8},"end":{"line":21,"column":48}}],"line":21},"1":{"loc":{"start":{"line":29,"column":8},"end":{"line":29,"column":53}},"type":"if","locations":[{"start":{"line":29,"column":8},"end":{"line":29,"column":53}},{"start":{"line":29,"column":8},"end":{"line":29,"column":53}}],"line":29},"2":{"loc":{"start":{"line":30,"column":8},"end":{"line":30,"column":50}},"type":"if","locations":[{"start":{"line":30,"column":8},"end":{"line":30,"column":50}},{"start":{"line":30,"column":8},"end":{"line":30,"column":50}}],"line":30}},"s":{"0":1,"1":1,"2":1,"3":7,"4":4,"5":1,"6":1,"7":1,"8":0,"9":1,"10":1,"11":1,"12":1,"13":1,"14":1,"15":0,"16":1},"f":{"0":7,"1":1,"2":1},"b":{"0":[0,1],"1":[1,0],"2":[0,1]},"_coverageSchema":"43e27e138ebf9cfc5966b082cf9a028302ed4184","hash":"38fde8ca6a12075793d378070e907c6748818b7f","contentHash":"6fca08d38cae87031edf9e84438d472630bb3b62e79818bc50ba6da2a569bcd5"},"C:\\Users\\alber\\bootCamp\\collab\\skylab-bootcamp-201907\\staff\\albert-fuente\\skyshop\\skyshop-api\\logic\\item\\unregister\\index.spec.js":{"path":"C:\\Users\\alber\\bootCamp\\collab\\skylab-bootcamp-201907\\staff\\albert-fuente\\skyshop\\skyshop-api\\logic\\item\\unregister\\index.spec.js","statementMap":{"0":{"start":{"line":1,"column":0},"end":{"line":1,"column":26}},"1":{"start":{"line":2,"column":19},"end":{"line":2,"column":34}},"2":{"start":{"line":4,"column":19},"end":{"line":4,"column":31}},"3":{"start":{"line":5,"column":45},"end":{"line":5,"column":68}},"4":{"start":{"line":6,"column":26},"end":{"line":6,"column":33}},"5":{"start":{"line":8,"column":0},"end":{"line":53,"column":2}},"6":{"start":{"line":10,"column":4},"end":{"line":10,"column":47}},"7":{"start":{"line":10,"column":17},"end":{"line":10,"column":46}},"8":{"start":{"line":14,"column":4},"end":{"line":29,"column":6}},"9":{"start":{"line":16,"column":8},"end":{"line":16,"column":57}},"10":{"start":{"line":18,"column":8},"end":{"line":18,"column":31}},"11":{"start":{"line":20,"column":12},"end":{"line":20,"column":44}},"12":{"start":{"line":21,"column":12},"end":{"line":21,"column":44}},"13":{"start":{"line":22,"column":12},"end":{"line":22,"column":56}},"14":{"start":{"line":23,"column":12},"end":{"line":23,"column":23}},"15":{"start":{"line":24,"column":12},"end":{"line":24,"column":44}},"16":{"start":{"line":25,"column":12},"end":{"line":25,"column":33}},"17":{"start":{"line":27,"column":26},"end":{"line":27,"column":92}},"18":{"start":{"line":28,"column":12},"end":{"line":28,"column":39}},"19":{"start":{"line":31,"column":4},"end":{"line":36,"column":6}},"20":{"start":{"line":32,"column":22},"end":{"line":32,"column":42}},"21":{"start":{"line":33,"column":8},"end":{"line":33,"column":16}},"22":{"start":{"line":35,"column":16},"end":{"line":35,"column":43}},"23":{"start":{"line":38,"column":4},"end":{"line":42,"column":5}},"24":{"start":{"line":39,"column":8},"end":{"line":41,"column":38}},"25":{"start":{"line":40,"column":15},"end":{"line":40,"column":29}},"26":{"start":{"line":44,"column":5},"end":{"line":48,"column":5}},"27":{"start":{"line":45,"column":8},"end":{"line":47,"column":57}},"28":{"start":{"line":46,"column":15},"end":{"line":46,"column":36}},"29":{"start":{"line":52,"column":4},"end":{"line":52,"column":38}},"30":{"start":{"line":52,"column":16},"end":{"line":52,"column":37}}},"fnMap":{"0":{"name":"(anonymous_0)","decl":{"start":{"line":8,"column":36},"end":{"line":8,"column":37}},"loc":{"start":{"line":8,"column":42},"end":{"line":53,"column":1}},"line":8},"1":{"name":"(anonymous_1)","decl":{"start":{"line":10,"column":11},"end":{"line":10,"column":12}},"loc":{"start":{"line":10,"column":17},"end":{"line":10,"column":46}},"line":10},"2":{"name":"(anonymous_2)","decl":{"start":{"line":14,"column":15},"end":{"line":14,"column":16}},"loc":{"start":{"line":14,"column":26},"end":{"line":29,"column":5}},"line":14},"3":{"name":"(anonymous_3)","decl":{"start":{"line":31,"column":40},"end":{"line":31,"column":41}},"loc":{"start":{"line":31,"column":51},"end":{"line":36,"column":5}},"line":31},"4":{"name":"(anonymous_4)","decl":{"start":{"line":38,"column":34},"end":{"line":38,"column":35}},"loc":{"start":{"line":39,"column":8},"end":{"line":41,"column":38}},"line":39},"5":{"name":"(anonymous_5)","decl":{"start":{"line":39,"column":15},"end":{"line":39,"column":16}},"loc":{"start":{"line":40,"column":15},"end":{"line":40,"column":29}},"line":40},"6":{"name":"(anonymous_6)","decl":{"start":{"line":44,"column":39},"end":{"line":44,"column":40}},"loc":{"start":{"line":45,"column":8},"end":{"line":47,"column":57}},"line":45},"7":{"name":"(anonymous_7)","decl":{"start":{"line":45,"column":15},"end":{"line":45,"column":16}},"loc":{"start":{"line":46,"column":15},"end":{"line":46,"column":36}},"line":46},"8":{"name":"(anonymous_8)","decl":{"start":{"line":52,"column":10},"end":{"line":52,"column":11}},"loc":{"start":{"line":52,"column":16},"end":{"line":52,"column":37}},"line":52}},"branchMap":{},"s":{"0":1,"1":1,"2":1,"3":1,"4":1,"5":1,"6":1,"7":1,"8":1,"9":3,"10":3,"11":3,"12":3,"13":3,"14":3,"15":3,"16":3,"17":3,"18":3,"19":1,"20":1,"21":1,"22":1,"23":1,"24":1,"25":1,"26":1,"27":1,"28":1,"29":1,"30":1},"f":{"0":1,"1":1,"2":3,"3":1,"4":1,"5":1,"6":1,"7":1,"8":1},"b":{},"_coverageSchema":"43e27e138ebf9cfc5966b082cf9a028302ed4184","hash":"b11b2988d0ecc3de74a2fc55492d919b1829ef45","contentHash":"bdd63ba116359dfb3979af07d71f25103a316a6462500588e75cdf57c38a30e1"},"C:\\Users\\alber\\bootCamp\\collab\\skylab-bootcamp-201907\\staff\\albert-fuente\\skyshop\\skyshop-api\\logic\\item\\unregister\\index.js":{"path":"C:\\Users\\alber\\bootCamp\\collab\\skylab-bootcamp-201907\\staff\\albert-fuente\\skyshop\\skyshop-api\\logic\\item\\unregister\\index.js","statementMap":{"0":{"start":{"line":1,"column":26},"end":{"line":1,"column":49}},"1":{"start":{"line":2,"column":19},"end":{"line":2,"column":43}},"2":{"start":{"line":12,"column":0},"end":{"line":21,"column":1}},"3":{"start":{"line":13,"column":4},"end":{"line":13,"column":12}},"4":{"start":{"line":14,"column":4},"end":{"line":14,"column":29}},"5":{"start":{"line":16,"column":4},"end":{"line":19,"column":8}},"6":{"start":{"line":17,"column":21},"end":{"line":17,"column":54}},"7":{"start":{"line":18,"column":12},"end":{"line":18,"column":81}},"8":{"start":{"line":18,"column":25},"end":{"line":18,"column":81}}},"fnMap":{"0":{"name":"(anonymous_0)","decl":{"start":{"line":12,"column":17},"end":{"line":12,"column":18}},"loc":{"start":{"line":12,"column":31},"end":{"line":21,"column":1}},"line":12},"1":{"name":"(anonymous_1)","decl":{"start":{"line":16,"column":11},"end":{"line":16,"column":12}},"loc":{"start":{"line":16,"column":20},"end":{"line":19,"column":5}},"line":16}},"branchMap":{"0":{"loc":{"start":{"line":18,"column":12},"end":{"line":18,"column":81}},"type":"if","locations":[{"start":{"line":18,"column":12},"end":{"line":18,"column":81}},{"start":{"line":18,"column":12},"end":{"line":18,"column":81}}],"line":18}},"s":{"0":1,"1":1,"2":1,"3":3,"4":3,"5":1,"6":1,"7":1,"8":0},"f":{"0":3,"1":1},"b":{"0":[0,1]},"_coverageSchema":"43e27e138ebf9cfc5966b082cf9a028302ed4184","hash":"c0ca52cfe967df479cc49a578e724f224fd74093","contentHash":"769717e5dd7ae1b11470289509602a510ee72027fdcd4ae07f2f51917a8e4ae7"},"C:\\Users\\alber\\bootCamp\\collab\\skylab-bootcamp-201907\\staff\\albert-fuente\\skyshop\\skyshop-api\\logic\\order\\list-orders\\index.spec.js":{"path":"C:\\Users\\alber\\bootCamp\\collab\\skylab-bootcamp-201907\\staff\\albert-fuente\\skyshop\\skyshop-api\\logic\\order\\list-orders\\index.spec.js","statementMap":{"0":{"start":{"line":1,"column":0},"end":{"line":1,"column":26}},"1":{"start":{"line":2,"column":19},"end":{"line":2,"column":34}},"2":{"start":{"line":4,"column":19},"end":{"line":4,"column":31}},"3":{"start":{"line":5,"column":57},"end":{"line":5,"column":80}},"4":{"start":{"line":6,"column":26},"end":{"line":6,"column":33}},"5":{"start":{"line":9,"column":0},"end":{"line":97,"column":2}},"6":{"start":{"line":11,"column":4},"end":{"line":11,"column":47}},"7":{"start":{"line":11,"column":17},"end":{"line":11,"column":46}},"8":{"start":{"line":19,"column":4},"end":{"line":53,"column":6}},"9":{"start":{"line":21,"column":8},"end":{"line":21,"column":58}},"10":{"start":{"line":22,"column":8},"end":{"line":22,"column":24}},"11":{"start":{"line":23,"column":8},"end":{"line":23,"column":32}},"12":{"start":{"line":24,"column":8},"end":{"line":24,"column":31}},"13":{"start":{"line":25,"column":12},"end":{"line":25,"column":42}},"14":{"start":{"line":26,"column":12},"end":{"line":26,"column":48}},"15":{"start":{"line":27,"column":12},"end":{"line":27,"column":55}},"16":{"start":{"line":28,"column":12},"end":{"line":28,"column":50}},"17":{"start":{"line":30,"column":12},"end":{"line":30,"column":44}},"18":{"start":{"line":31,"column":12},"end":{"line":31,"column":44}},"19":{"start":{"line":32,"column":12},"end":{"line":32,"column":56}},"20":{"start":{"line":33,"column":12},"end":{"line":33,"column":23}},"21":{"start":{"line":34,"column":12},"end":{"line":34,"column":44}},"22":{"start":{"line":35,"column":12},"end":{"line":35,"column":33}},"23":{"start":{"line":37,"column":26},"end":{"line":37,"column":92}},"24":{"start":{"line":38,"column":12},"end":{"line":38,"column":45}},"25":{"start":{"line":40,"column":23},"end":{"line":40,"column":76}},"26":{"start":{"line":41,"column":12},"end":{"line":41,"column":28}},"27":{"start":{"line":43,"column":23},"end":{"line":43,"column":71}},"28":{"start":{"line":44,"column":12},"end":{"line":44,"column":20}},"29":{"start":{"line":45,"column":12},"end":{"line":45,"column":32}},"30":{"start":{"line":46,"column":12},"end":{"line":46,"column":29}},"31":{"start":{"line":48,"column":22},"end":{"line":48,"column":90}},"32":{"start":{"line":49,"column":12},"end":{"line":49,"column":28}},"33":{"start":{"line":50,"column":12},"end":{"line":50,"column":45}},"34":{"start":{"line":51,"column":12},"end":{"line":51,"column":30}},"35":{"start":{"line":55,"column":8},"end":{"line":63,"column":6}},"36":{"start":{"line":57,"column":21},"end":{"line":57,"column":45}},"37":{"start":{"line":58,"column":8},"end":{"line":58,"column":31}},"38":{"start":{"line":59,"column":8},"end":{"line":59,"column":59}},"39":{"start":{"line":60,"column":8},"end":{"line":60,"column":57}},"40":{"start":{"line":61,"column":8},"end":{"line":61,"column":50}},"41":{"start":{"line":65,"column":4},"end":{"line":74,"column":6}},"42":{"start":{"line":66,"column":8},"end":{"line":66,"column":49}},"43":{"start":{"line":66,"column":15},"end":{"line":66,"column":49}},"44":{"start":{"line":67,"column":8},"end":{"line":73,"column":9}},"45":{"start":{"line":68,"column":12},"end":{"line":68,"column":36}},"46":{"start":{"line":71,"column":12},"end":{"line":71,"column":34}},"47":{"start":{"line":72,"column":12},"end":{"line":72,"column":65}},"48":{"start":{"line":77,"column":4},"end":{"line":81,"column":5}},"49":{"start":{"line":78,"column":4},"end":{"line":80,"column":42}},"50":{"start":{"line":79,"column":8},"end":{"line":79,"column":22}},"51":{"start":{"line":83,"column":4},"end":{"line":87,"column":5}},"52":{"start":{"line":84,"column":4},"end":{"line":86,"column":61}},"53":{"start":{"line":85,"column":8},"end":{"line":85,"column":29}},"54":{"start":{"line":89,"column":4},"end":{"line":93,"column":5}},"55":{"start":{"line":90,"column":4},"end":{"line":92,"column":55}},"56":{"start":{"line":91,"column":8},"end":{"line":91,"column":23}},"57":{"start":{"line":96,"column":4},"end":{"line":96,"column":38}},"58":{"start":{"line":96,"column":16},"end":{"line":96,"column":37}}},"fnMap":{"0":{"name":"(anonymous_0)","decl":{"start":{"line":9,"column":32},"end":{"line":9,"column":33}},"loc":{"start":{"line":9,"column":38},"end":{"line":97,"column":1}},"line":9},"1":{"name":"(anonymous_1)","decl":{"start":{"line":11,"column":11},"end":{"line":11,"column":12}},"loc":{"start":{"line":11,"column":17},"end":{"line":11,"column":46}},"line":11},"2":{"name":"(anonymous_2)","decl":{"start":{"line":19,"column":15},"end":{"line":19,"column":16}},"loc":{"start":{"line":19,"column":26},"end":{"line":53,"column":5}},"line":19},"3":{"name":"(anonymous_3)","decl":{"start":{"line":55,"column":44},"end":{"line":55,"column":45}},"loc":{"start":{"line":55,"column":55},"end":{"line":63,"column":5}},"line":55},"4":{"name":"(anonymous_4)","decl":{"start":{"line":65,"column":35},"end":{"line":65,"column":36}},"loc":{"start":{"line":65,"column":46},"end":{"line":74,"column":5}},"line":65},"5":{"name":"(anonymous_5)","decl":{"start":{"line":77,"column":38},"end":{"line":77,"column":39}},"loc":{"start":{"line":78,"column":4},"end":{"line":80,"column":42}},"line":78},"6":{"name":"(anonymous_6)","decl":{"start":{"line":78,"column":11},"end":{"line":78,"column":12}},"loc":{"start":{"line":79,"column":8},"end":{"line":79,"column":22}},"line":79},"7":{"name":"(anonymous_7)","decl":{"start":{"line":83,"column":42},"end":{"line":83,"column":43}},"loc":{"start":{"line":84,"column":4},"end":{"line":86,"column":61}},"line":84},"8":{"name":"(anonymous_8)","decl":{"start":{"line":84,"column":11},"end":{"line":84,"column":12}},"loc":{"start":{"line":85,"column":8},"end":{"line":85,"column":29}},"line":85},"9":{"name":"(anonymous_9)","decl":{"start":{"line":89,"column":52},"end":{"line":89,"column":53}},"loc":{"start":{"line":90,"column":4},"end":{"line":92,"column":55}},"line":90},"10":{"name":"(anonymous_10)","decl":{"start":{"line":90,"column":11},"end":{"line":90,"column":12}},"loc":{"start":{"line":91,"column":8},"end":{"line":91,"column":23}},"line":91},"11":{"name":"(anonymous_11)","decl":{"start":{"line":96,"column":10},"end":{"line":96,"column":11}},"loc":{"start":{"line":96,"column":16},"end":{"line":96,"column":37}},"line":96}},"branchMap":{},"s":{"0":1,"1":1,"2":1,"3":1,"4":1,"5":1,"6":1,"7":1,"8":1,"9":5,"10":5,"11":5,"12":5,"13":5,"14":5,"15":5,"16":5,"17":5,"18":5,"19":5,"20":5,"21":5,"22":5,"23":5,"24":5,"25":5,"26":5,"27":5,"28":5,"29":5,"30":5,"31":5,"32":5,"33":5,"34":5,"35":1,"36":1,"37":1,"38":1,"39":1,"40":1,"41":1,"42":1,"43":1,"44":1,"45":1,"46":0,"47":0,"48":1,"49":1,"50":1,"51":1,"52":1,"53":1,"54":1,"55":1,"56":1,"57":1,"58":1},"f":{"0":1,"1":1,"2":5,"3":1,"4":1,"5":1,"6":1,"7":1,"8":1,"9":1,"10":1,"11":1},"b":{},"_coverageSchema":"43e27e138ebf9cfc5966b082cf9a028302ed4184","hash":"e75f671fde2314662284583d9a136eb9971d61a7","contentHash":"7eb3f213e3ad0a2f9d921d187215168add94353b07d4959a9847cc4943962704"},"C:\\Users\\alber\\bootCamp\\collab\\skylab-bootcamp-201907\\staff\\albert-fuente\\skyshop\\skyshop-api\\logic\\order\\list-orders\\index.js":{"path":"C:\\Users\\alber\\bootCamp\\collab\\skylab-bootcamp-201907\\staff\\albert-fuente\\skyshop\\skyshop-api\\logic\\order\\list-orders\\index.js","statementMap":{"0":{"start":{"line":1,"column":51},"end":{"line":1,"column":74}},"1":{"start":{"line":2,"column":21},"end":{"line":2,"column":45}},"2":{"start":{"line":13,"column":0},"end":{"line":32,"column":1}},"3":{"start":{"line":14,"column":4},"end":{"line":14,"column":37}},"4":{"start":{"line":15,"column":4},"end":{"line":30,"column":8}},"5":{"start":{"line":16,"column":21},"end":{"line":16,"column":48}},"6":{"start":{"line":17,"column":8},"end":{"line":17,"column":71}},"7":{"start":{"line":17,"column":19},"end":{"line":17,"column":71}},"8":{"start":{"line":18,"column":23},"end":{"line":18,"column":119}},"9":{"start":{"line":19,"column":8},"end":{"line":19,"column":73}},"10":{"start":{"line":19,"column":20},"end":{"line":19,"column":73}},"11":{"start":{"line":21,"column":8},"end":{"line":24,"column":10}},"12":{"start":{"line":22,"column":12},"end":{"line":22,"column":43}},"13":{"start":{"line":23,"column":12},"end":{"line":23,"column":28}},"14":{"start":{"line":25,"column":8},"end":{"line":29,"column":9}},"15":{"start":{"line":26,"column":12},"end":{"line":26,"column":76}},"16":{"start":{"line":28,"column":12},"end":{"line":28,"column":25}}},"fnMap":{"0":{"name":"(anonymous_0)","decl":{"start":{"line":13,"column":17},"end":{"line":13,"column":18}},"loc":{"start":{"line":13,"column":34},"end":{"line":32,"column":1}},"line":13},"1":{"name":"(anonymous_1)","decl":{"start":{"line":15,"column":12},"end":{"line":15,"column":13}},"loc":{"start":{"line":15,"column":24},"end":{"line":30,"column":5}},"line":15},"2":{"name":"(anonymous_2)","decl":{"start":{"line":21,"column":23},"end":{"line":21,"column":24}},"loc":{"start":{"line":21,"column":32},"end":{"line":24,"column":9}},"line":21}},"branchMap":{"0":{"loc":{"start":{"line":17,"column":8},"end":{"line":17,"column":71}},"type":"if","locations":[{"start":{"line":17,"column":8},"end":{"line":17,"column":71}},{"start":{"line":17,"column":8},"end":{"line":17,"column":71}}],"line":17},"1":{"loc":{"start":{"line":19,"column":8},"end":{"line":19,"column":73}},"type":"if","locations":[{"start":{"line":19,"column":8},"end":{"line":19,"column":73}},{"start":{"line":19,"column":8},"end":{"line":19,"column":73}}],"line":19},"2":{"loc":{"start":{"line":25,"column":8},"end":{"line":29,"column":9}},"type":"if","locations":[{"start":{"line":25,"column":8},"end":{"line":29,"column":9}},{"start":{"line":25,"column":8},"end":{"line":29,"column":9}}],"line":25}},"s":{"0":1,"1":1,"2":1,"3":5,"4":2,"5":2,"6":2,"7":0,"8":2,"9":2,"10":0,"11":2,"12":2,"13":2,"14":2,"15":0,"16":2},"f":{"0":5,"1":2,"2":2},"b":{"0":[0,2],"1":[0,2],"2":[0,2]},"_coverageSchema":"43e27e138ebf9cfc5966b082cf9a028302ed4184","hash":"3df4a3b73e18cb0a3af661c0855c464e54d23c88","contentHash":"011b808c39a564b2de5cbcd092c1c2cae55eb6b532c9a84e1ee68e59adf30f88"},"C:\\Users\\alber\\bootCamp\\collab\\skylab-bootcamp-201907\\staff\\albert-fuente\\skyshop\\skyshop-api\\logic\\order\\place-order\\index.spec.js":{"path":"C:\\Users\\alber\\bootCamp\\collab\\skylab-bootcamp-201907\\staff\\albert-fuente\\skyshop\\skyshop-api\\logic\\order\\place-order\\index.spec.js","statementMap":{"0":{"start":{"line":1,"column":0},"end":{"line":1,"column":26}},"1":{"start":{"line":2,"column":19},"end":{"line":2,"column":34}},"2":{"start":{"line":4,"column":19},"end":{"line":4,"column":31}},"3":{"start":{"line":5,"column":57},"end":{"line":5,"column":80}},"4":{"start":{"line":6,"column":26},"end":{"line":6,"column":33}},"5":{"start":{"line":9,"column":0},"end":{"line":106,"column":2}},"6":{"start":{"line":11,"column":4},"end":{"line":11,"column":47}},"7":{"start":{"line":11,"column":17},"end":{"line":11,"column":46}},"8":{"start":{"line":19,"column":4},"end":{"line":48,"column":6}},"9":{"start":{"line":21,"column":8},"end":{"line":21,"column":58}},"10":{"start":{"line":22,"column":8},"end":{"line":22,"column":24}},"11":{"start":{"line":24,"column":8},"end":{"line":24,"column":31}},"12":{"start":{"line":25,"column":12},"end":{"line":25,"column":42}},"13":{"start":{"line":26,"column":12},"end":{"line":26,"column":48}},"14":{"start":{"line":27,"column":12},"end":{"line":27,"column":55}},"15":{"start":{"line":28,"column":12},"end":{"line":28,"column":50}},"16":{"start":{"line":30,"column":12},"end":{"line":30,"column":44}},"17":{"start":{"line":31,"column":12},"end":{"line":31,"column":44}},"18":{"start":{"line":32,"column":12},"end":{"line":32,"column":56}},"19":{"start":{"line":33,"column":12},"end":{"line":33,"column":23}},"20":{"start":{"line":34,"column":12},"end":{"line":34,"column":44}},"21":{"start":{"line":35,"column":12},"end":{"line":35,"column":33}},"22":{"start":{"line":37,"column":26},"end":{"line":37,"column":92}},"23":{"start":{"line":38,"column":12},"end":{"line":38,"column":45}},"24":{"start":{"line":40,"column":23},"end":{"line":40,"column":76}},"25":{"start":{"line":41,"column":12},"end":{"line":41,"column":28}},"26":{"start":{"line":43,"column":23},"end":{"line":43,"column":71}},"27":{"start":{"line":44,"column":12},"end":{"line":44,"column":20}},"28":{"start":{"line":45,"column":12},"end":{"line":45,"column":32}},"29":{"start":{"line":46,"column":12},"end":{"line":46,"column":29}},"30":{"start":{"line":50,"column":5},"end":{"line":60,"column":6}},"31":{"start":{"line":51,"column":8},"end":{"line":51,"column":16}},"32":{"start":{"line":52,"column":21},"end":{"line":52,"column":45}},"33":{"start":{"line":53,"column":8},"end":{"line":53,"column":25}},"34":{"start":{"line":54,"column":8},"end":{"line":54,"column":31}},"35":{"start":{"line":56,"column":20},"end":{"line":56,"column":49}},"36":{"start":{"line":57,"column":8},"end":{"line":57,"column":30}},"37":{"start":{"line":58,"column":8},"end":{"line":58,"column":35}},"38":{"start":{"line":59,"column":8},"end":{"line":59,"column":55}},"39":{"start":{"line":62,"column":4},"end":{"line":74,"column":6}},"40":{"start":{"line":63,"column":19},"end":{"line":63,"column":46}},"41":{"start":{"line":64,"column":8},"end":{"line":64,"column":23}},"42":{"start":{"line":65,"column":8},"end":{"line":65,"column":25}},"43":{"start":{"line":66,"column":8},"end":{"line":73,"column":9}},"44":{"start":{"line":67,"column":12},"end":{"line":67,"column":36}},"45":{"start":{"line":70,"column":12},"end":{"line":70,"column":34}},"46":{"start":{"line":71,"column":12},"end":{"line":71,"column":59}},"47":{"start":{"line":76,"column":4},"end":{"line":85,"column":6}},"48":{"start":{"line":77,"column":8},"end":{"line":77,"column":49}},"49":{"start":{"line":77,"column":15},"end":{"line":77,"column":49}},"50":{"start":{"line":78,"column":8},"end":{"line":84,"column":9}},"51":{"start":{"line":79,"column":12},"end":{"line":79,"column":36}},"52":{"start":{"line":82,"column":12},"end":{"line":82,"column":34}},"53":{"start":{"line":83,"column":12},"end":{"line":83,"column":98}},"54":{"start":{"line":87,"column":4},"end":{"line":91,"column":5}},"55":{"start":{"line":88,"column":4},"end":{"line":90,"column":42}},"56":{"start":{"line":89,"column":8},"end":{"line":89,"column":22}},"57":{"start":{"line":93,"column":4},"end":{"line":97,"column":5}},"58":{"start":{"line":94,"column":4},"end":{"line":96,"column":61}},"59":{"start":{"line":95,"column":8},"end":{"line":95,"column":29}},"60":{"start":{"line":99,"column":4},"end":{"line":103,"column":5}},"61":{"start":{"line":100,"column":4},"end":{"line":102,"column":55}},"62":{"start":{"line":101,"column":8},"end":{"line":101,"column":23}},"63":{"start":{"line":105,"column":4},"end":{"line":105,"column":38}},"64":{"start":{"line":105,"column":16},"end":{"line":105,"column":37}}},"fnMap":{"0":{"name":"(anonymous_0)","decl":{"start":{"line":9,"column":32},"end":{"line":9,"column":33}},"loc":{"start":{"line":9,"column":38},"end":{"line":106,"column":1}},"line":9},"1":{"name":"(anonymous_1)","decl":{"start":{"line":11,"column":11},"end":{"line":11,"column":12}},"loc":{"start":{"line":11,"column":17},"end":{"line":11,"column":46}},"line":11},"2":{"name":"(anonymous_2)","decl":{"start":{"line":19,"column":15},"end":{"line":19,"column":16}},"loc":{"start":{"line":19,"column":26},"end":{"line":48,"column":5}},"line":19},"3":{"name":"(anonymous_3)","decl":{"start":{"line":50,"column":41},"end":{"line":50,"column":42}},"loc":{"start":{"line":50,"column":52},"end":{"line":60,"column":5}},"line":50},"4":{"name":"(anonymous_4)","decl":{"start":{"line":62,"column":35},"end":{"line":62,"column":36}},"loc":{"start":{"line":62,"column":46},"end":{"line":74,"column":5}},"line":62},"5":{"name":"(anonymous_5)","decl":{"start":{"line":76,"column":35},"end":{"line":76,"column":36}},"loc":{"start":{"line":76,"column":46},"end":{"line":85,"column":5}},"line":76},"6":{"name":"(anonymous_6)","decl":{"start":{"line":87,"column":38},"end":{"line":87,"column":39}},"loc":{"start":{"line":88,"column":4},"end":{"line":90,"column":42}},"line":88},"7":{"name":"(anonymous_7)","decl":{"start":{"line":88,"column":11},"end":{"line":88,"column":12}},"loc":{"start":{"line":89,"column":8},"end":{"line":89,"column":22}},"line":89},"8":{"name":"(anonymous_8)","decl":{"start":{"line":93,"column":42},"end":{"line":93,"column":43}},"loc":{"start":{"line":94,"column":4},"end":{"line":96,"column":61}},"line":94},"9":{"name":"(anonymous_9)","decl":{"start":{"line":94,"column":11},"end":{"line":94,"column":12}},"loc":{"start":{"line":95,"column":8},"end":{"line":95,"column":29}},"line":95},"10":{"name":"(anonymous_10)","decl":{"start":{"line":99,"column":52},"end":{"line":99,"column":53}},"loc":{"start":{"line":100,"column":4},"end":{"line":102,"column":55}},"line":100},"11":{"name":"(anonymous_11)","decl":{"start":{"line":100,"column":11},"end":{"line":100,"column":12}},"loc":{"start":{"line":101,"column":8},"end":{"line":101,"column":23}},"line":101},"12":{"name":"(anonymous_12)","decl":{"start":{"line":105,"column":10},"end":{"line":105,"column":11}},"loc":{"start":{"line":105,"column":16},"end":{"line":105,"column":37}},"line":105}},"branchMap":{},"s":{"0":1,"1":1,"2":1,"3":1,"4":1,"5":1,"6":1,"7":1,"8":1,"9":6,"10":6,"11":6,"12":6,"13":6,"14":6,"15":6,"16":6,"17":6,"18":6,"19":6,"20":6,"21":6,"22":6,"23":6,"24":6,"25":6,"26":6,"27":6,"28":6,"29":6,"30":1,"31":1,"32":1,"33":1,"34":1,"35":1,"36":1,"37":1,"38":1,"39":1,"40":1,"41":1,"42":1,"43":1,"44":1,"45":1,"46":1,"47":1,"48":1,"49":1,"50":1,"51":1,"52":0,"53":0,"54":1,"55":1,"56":1,"57":1,"58":1,"59":1,"60":1,"61":1,"62":1,"63":1,"64":1},"f":{"0":1,"1":1,"2":6,"3":1,"4":1,"5":1,"6":1,"7":1,"8":1,"9":1,"10":1,"11":1,"12":1},"b":{},"_coverageSchema":"43e27e138ebf9cfc5966b082cf9a028302ed4184","hash":"e2e76d95f0de0ec7843f48a95cc178fa8eb1275c","contentHash":"adc3c9ed9dbf5ad158eb8f5bc679ab90ee3565301dfca7ebad43989095167f8e"},"C:\\Users\\alber\\bootCamp\\collab\\skylab-bootcamp-201907\\staff\\albert-fuente\\skyshop\\skyshop-api\\logic\\order\\place-order\\index.js":{"path":"C:\\Users\\alber\\bootCamp\\collab\\skylab-bootcamp-201907\\staff\\albert-fuente\\skyshop\\skyshop-api\\logic\\order\\place-order\\index.js","statementMap":{"0":{"start":{"line":1,"column":36},"end":{"line":1,"column":59}},"1":{"start":{"line":2,"column":21},"end":{"line":2,"column":45}},"2":{"start":{"line":12,"column":0},"end":{"line":33,"column":1}},"3":{"start":{"line":13,"column":4},"end":{"line":13,"column":37}},"4":{"start":{"line":14,"column":4},"end":{"line":32,"column":8}},"5":{"start":{"line":15,"column":21},"end":{"line":15,"column":48}},"6":{"start":{"line":17,"column":8},"end":{"line":17,"column":71}},"7":{"start":{"line":17,"column":19},"end":{"line":17,"column":71}},"8":{"start":{"line":19,"column":19},"end":{"line":19,"column":28}},"9":{"start":{"line":21,"column":8},"end":{"line":21,"column":60}},"10":{"start":{"line":21,"column":28},"end":{"line":21,"column":60}},"11":{"start":{"line":23,"column":19},"end":{"line":23,"column":29}},"12":{"start":{"line":25,"column":20},"end":{"line":25,"column":75}},"13":{"start":{"line":27,"column":8},"end":{"line":27,"column":27}},"14":{"start":{"line":29,"column":8},"end":{"line":29,"column":19}},"15":{"start":{"line":31,"column":8},"end":{"line":31,"column":20}}},"fnMap":{"0":{"name":"(anonymous_0)","decl":{"start":{"line":12,"column":17},"end":{"line":12,"column":18}},"loc":{"start":{"line":12,"column":34},"end":{"line":33,"column":1}},"line":12},"1":{"name":"(anonymous_1)","decl":{"start":{"line":14,"column":12},"end":{"line":14,"column":13}},"loc":{"start":{"line":14,"column":24},"end":{"line":32,"column":5}},"line":14}},"branchMap":{"0":{"loc":{"start":{"line":17,"column":8},"end":{"line":17,"column":71}},"type":"if","locations":[{"start":{"line":17,"column":8},"end":{"line":17,"column":71}},{"start":{"line":17,"column":8},"end":{"line":17,"column":71}}],"line":17},"1":{"loc":{"start":{"line":21,"column":8},"end":{"line":21,"column":60}},"type":"if","locations":[{"start":{"line":21,"column":8},"end":{"line":21,"column":60}},{"start":{"line":21,"column":8},"end":{"line":21,"column":60}}],"line":21}},"s":{"0":1,"1":1,"2":1,"3":6,"4":3,"5":3,"6":3,"7":0,"8":3,"9":3,"10":1,"11":2,"12":2,"13":2,"14":2,"15":2},"f":{"0":6,"1":3},"b":{"0":[0,3],"1":[1,2]},"_coverageSchema":"43e27e138ebf9cfc5966b082cf9a028302ed4184","hash":"f33516cfa468db670a518731dd84dcf08270c992","contentHash":"88e4d8329226edf865b1f36a8fe48befa42ef509cf08926aafc5157274d4e67c"},"C:\\Users\\alber\\bootCamp\\collab\\skylab-bootcamp-201907\\staff\\albert-fuente\\skyshop\\skyshop-api\\logic\\order\\retrieve-all-orders\\index.spec.js":{"path":"C:\\Users\\alber\\bootCamp\\collab\\skylab-bootcamp-201907\\staff\\albert-fuente\\skyshop\\skyshop-api\\logic\\order\\retrieve-all-orders\\index.spec.js","statementMap":{"0":{"start":{"line":1,"column":0},"end":{"line":1,"column":26}},"1":{"start":{"line":2,"column":19},"end":{"line":2,"column":34}},"2":{"start":{"line":4,"column":26},"end":{"line":4,"column":38}},"3":{"start":{"line":5,"column":57},"end":{"line":5,"column":80}},"4":{"start":{"line":6,"column":26},"end":{"line":6,"column":33}},"5":{"start":{"line":9,"column":0},"end":{"line":97,"column":2}},"6":{"start":{"line":11,"column":4},"end":{"line":11,"column":47}},"7":{"start":{"line":11,"column":17},"end":{"line":11,"column":46}},"8":{"start":{"line":19,"column":4},"end":{"line":54,"column":6}},"9":{"start":{"line":21,"column":8},"end":{"line":21,"column":58}},"10":{"start":{"line":22,"column":8},"end":{"line":22,"column":24}},"11":{"start":{"line":23,"column":8},"end":{"line":23,"column":32}},"12":{"start":{"line":24,"column":8},"end":{"line":24,"column":31}},"13":{"start":{"line":25,"column":12},"end":{"line":25,"column":42}},"14":{"start":{"line":26,"column":12},"end":{"line":26,"column":48}},"15":{"start":{"line":27,"column":12},"end":{"line":27,"column":55}},"16":{"start":{"line":28,"column":12},"end":{"line":28,"column":50}},"17":{"start":{"line":29,"column":12},"end":{"line":29,"column":24}},"18":{"start":{"line":31,"column":12},"end":{"line":31,"column":44}},"19":{"start":{"line":32,"column":12},"end":{"line":32,"column":44}},"20":{"start":{"line":33,"column":12},"end":{"line":33,"column":56}},"21":{"start":{"line":34,"column":12},"end":{"line":34,"column":23}},"22":{"start":{"line":35,"column":12},"end":{"line":35,"column":44}},"23":{"start":{"line":36,"column":12},"end":{"line":36,"column":33}},"24":{"start":{"line":38,"column":26},"end":{"line":38,"column":92}},"25":{"start":{"line":39,"column":12},"end":{"line":39,"column":45}},"26":{"start":{"line":41,"column":23},"end":{"line":41,"column":85}},"27":{"start":{"line":42,"column":12},"end":{"line":42,"column":28}},"28":{"start":{"line":44,"column":23},"end":{"line":44,"column":71}},"29":{"start":{"line":45,"column":12},"end":{"line":45,"column":20}},"30":{"start":{"line":46,"column":12},"end":{"line":46,"column":32}},"31":{"start":{"line":47,"column":12},"end":{"line":47,"column":29}},"32":{"start":{"line":49,"column":22},"end":{"line":49,"column":90}},"33":{"start":{"line":50,"column":12},"end":{"line":50,"column":28}},"34":{"start":{"line":51,"column":12},"end":{"line":51,"column":45}},"35":{"start":{"line":52,"column":12},"end":{"line":52,"column":30}},"36":{"start":{"line":56,"column":8},"end":{"line":63,"column":6}},"37":{"start":{"line":58,"column":21},"end":{"line":58,"column":52}},"38":{"start":{"line":59,"column":8},"end":{"line":59,"column":31}},"39":{"start":{"line":60,"column":8},"end":{"line":60,"column":57}},"40":{"start":{"line":61,"column":8},"end":{"line":61,"column":50}},"41":{"start":{"line":65,"column":4},"end":{"line":74,"column":6}},"42":{"start":{"line":66,"column":8},"end":{"line":66,"column":49}},"43":{"start":{"line":66,"column":15},"end":{"line":66,"column":49}},"44":{"start":{"line":67,"column":8},"end":{"line":73,"column":9}},"45":{"start":{"line":68,"column":12},"end":{"line":68,"column":43}},"46":{"start":{"line":71,"column":12},"end":{"line":71,"column":34}},"47":{"start":{"line":72,"column":12},"end":{"line":72,"column":70}},"48":{"start":{"line":77,"column":4},"end":{"line":81,"column":5}},"49":{"start":{"line":78,"column":4},"end":{"line":80,"column":42}},"50":{"start":{"line":79,"column":8},"end":{"line":79,"column":29}},"51":{"start":{"line":83,"column":4},"end":{"line":87,"column":5}},"52":{"start":{"line":84,"column":4},"end":{"line":86,"column":61}},"53":{"start":{"line":85,"column":8},"end":{"line":85,"column":36}},"54":{"start":{"line":89,"column":4},"end":{"line":93,"column":5}},"55":{"start":{"line":90,"column":4},"end":{"line":92,"column":55}},"56":{"start":{"line":91,"column":8},"end":{"line":91,"column":30}},"57":{"start":{"line":96,"column":4},"end":{"line":96,"column":38}},"58":{"start":{"line":96,"column":16},"end":{"line":96,"column":37}}},"fnMap":{"0":{"name":"(anonymous_0)","decl":{"start":{"line":9,"column":40},"end":{"line":9,"column":41}},"loc":{"start":{"line":9,"column":46},"end":{"line":97,"column":1}},"line":9},"1":{"name":"(anonymous_1)","decl":{"start":{"line":11,"column":11},"end":{"line":11,"column":12}},"loc":{"start":{"line":11,"column":17},"end":{"line":11,"column":46}},"line":11},"2":{"name":"(anonymous_2)","decl":{"start":{"line":19,"column":15},"end":{"line":19,"column":16}},"loc":{"start":{"line":19,"column":26},"end":{"line":54,"column":5}},"line":19},"3":{"name":"(anonymous_3)","decl":{"start":{"line":56,"column":44},"end":{"line":56,"column":45}},"loc":{"start":{"line":56,"column":55},"end":{"line":63,"column":5}},"line":56},"4":{"name":"(anonymous_4)","decl":{"start":{"line":65,"column":35},"end":{"line":65,"column":36}},"loc":{"start":{"line":65,"column":46},"end":{"line":74,"column":5}},"line":65},"5":{"name":"(anonymous_5)","decl":{"start":{"line":77,"column":38},"end":{"line":77,"column":39}},"loc":{"start":{"line":78,"column":4},"end":{"line":80,"column":42}},"line":78},"6":{"name":"(anonymous_6)","decl":{"start":{"line":78,"column":11},"end":{"line":78,"column":12}},"loc":{"start":{"line":79,"column":8},"end":{"line":79,"column":29}},"line":79},"7":{"name":"(anonymous_7)","decl":{"start":{"line":83,"column":42},"end":{"line":83,"column":43}},"loc":{"start":{"line":84,"column":4},"end":{"line":86,"column":61}},"line":84},"8":{"name":"(anonymous_8)","decl":{"start":{"line":84,"column":11},"end":{"line":84,"column":12}},"loc":{"start":{"line":85,"column":8},"end":{"line":85,"column":36}},"line":85},"9":{"name":"(anonymous_9)","decl":{"start":{"line":89,"column":52},"end":{"line":89,"column":53}},"loc":{"start":{"line":90,"column":4},"end":{"line":92,"column":55}},"line":90},"10":{"name":"(anonymous_10)","decl":{"start":{"line":90,"column":11},"end":{"line":90,"column":12}},"loc":{"start":{"line":91,"column":8},"end":{"line":91,"column":30}},"line":91},"11":{"name":"(anonymous_11)","decl":{"start":{"line":96,"column":10},"end":{"line":96,"column":11}},"loc":{"start":{"line":96,"column":16},"end":{"line":96,"column":37}},"line":96}},"branchMap":{},"s":{"0":1,"1":1,"2":1,"3":1,"4":1,"5":1,"6":1,"7":1,"8":1,"9":5,"10":5,"11":5,"12":5,"13":5,"14":5,"15":5,"16":5,"17":5,"18":5,"19":5,"20":5,"21":5,"22":5,"23":5,"24":5,"25":5,"26":5,"27":5,"28":5,"29":5,"30":5,"31":5,"32":5,"33":5,"34":5,"35":5,"36":1,"37":1,"38":1,"39":1,"40":1,"41":1,"42":1,"43":1,"44":1,"45":1,"46":0,"47":0,"48":1,"49":1,"50":1,"51":1,"52":1,"53":1,"54":1,"55":1,"56":1,"57":1,"58":1},"f":{"0":1,"1":1,"2":5,"3":1,"4":1,"5":1,"6":1,"7":1,"8":1,"9":1,"10":1,"11":1},"b":{},"_coverageSchema":"43e27e138ebf9cfc5966b082cf9a028302ed4184","hash":"f66eede8c447bb11494ac2f5554d8bebc03d02fb","contentHash":"98625ac457da31fbd26abd0b4736cb701a847edab70444eef883ad676f936974"},"C:\\Users\\alber\\bootCamp\\collab\\skylab-bootcamp-201907\\staff\\albert-fuente\\skyshop\\skyshop-api\\logic\\order\\retrieve-all-orders\\index.js":{"path":"C:\\Users\\alber\\bootCamp\\collab\\skylab-bootcamp-201907\\staff\\albert-fuente\\skyshop\\skyshop-api\\logic\\order\\retrieve-all-orders\\index.js","statementMap":{"0":{"start":{"line":1,"column":51},"end":{"line":1,"column":74}},"1":{"start":{"line":2,"column":21},"end":{"line":2,"column":45}},"2":{"start":{"line":13,"column":0},"end":{"line":41,"column":1}},"3":{"start":{"line":14,"column":4},"end":{"line":14,"column":37}},"4":{"start":{"line":16,"column":5},"end":{"line":39,"column":8}},"5":{"start":{"line":17,"column":21},"end":{"line":17,"column":48}},"6":{"start":{"line":18,"column":8},"end":{"line":18,"column":16}},"7":{"start":{"line":20,"column":8},"end":{"line":20,"column":53}},"8":{"start":{"line":20,"column":19},"end":{"line":20,"column":53}},"9":{"start":{"line":22,"column":8},"end":{"line":38,"column":9}},"10":{"start":{"line":24,"column":27},"end":{"line":24,"column":123}},"11":{"start":{"line":25,"column":12},"end":{"line":25,"column":58}},"12":{"start":{"line":25,"column":24},"end":{"line":25,"column":58}},"13":{"start":{"line":27,"column":12},"end":{"line":31,"column":14}},"14":{"start":{"line":28,"column":16},"end":{"line":28,"column":45}},"15":{"start":{"line":29,"column":16},"end":{"line":29,"column":32}},"16":{"start":{"line":33,"column":12},"end":{"line":33,"column":25}},"17":{"start":{"line":37,"column":12},"end":{"line":37,"column":51}}},"fnMap":{"0":{"name":"(anonymous_0)","decl":{"start":{"line":13,"column":17},"end":{"line":13,"column":18}},"loc":{"start":{"line":13,"column":34},"end":{"line":41,"column":1}},"line":13},"1":{"name":"(anonymous_1)","decl":{"start":{"line":16,"column":13},"end":{"line":16,"column":14}},"loc":{"start":{"line":16,"column":25},"end":{"line":39,"column":5}},"line":16},"2":{"name":"(anonymous_2)","decl":{"start":{"line":27,"column":27},"end":{"line":27,"column":28}},"loc":{"start":{"line":27,"column":34},"end":{"line":31,"column":13}},"line":27}},"branchMap":{"0":{"loc":{"start":{"line":20,"column":8},"end":{"line":20,"column":53}},"type":"if","locations":[{"start":{"line":20,"column":8},"end":{"line":20,"column":53}},{"start":{"line":20,"column":8},"end":{"line":20,"column":53}}],"line":20},"1":{"loc":{"start":{"line":22,"column":8},"end":{"line":38,"column":9}},"type":"if","locations":[{"start":{"line":22,"column":8},"end":{"line":38,"column":9}},{"start":{"line":22,"column":8},"end":{"line":38,"column":9}}],"line":22},"2":{"loc":{"start":{"line":25,"column":12},"end":{"line":25,"column":58}},"type":"if","locations":[{"start":{"line":25,"column":12},"end":{"line":25,"column":58}},{"start":{"line":25,"column":12},"end":{"line":25,"column":58}}],"line":25}},"s":{"0":1,"1":1,"2":1,"3":5,"4":2,"5":2,"6":2,"7":2,"8":0,"9":2,"10":2,"11":2,"12":0,"13":2,"14":2,"15":2,"16":2,"17":0},"f":{"0":5,"1":2,"2":2},"b":{"0":[0,2],"1":[2,0],"2":[0,2]},"_coverageSchema":"43e27e138ebf9cfc5966b082cf9a028302ed4184","hash":"291c93844ec065d1ace0aa53628c93a09ce27e1e","contentHash":"4508f774a750b58abb6598bac92d404dfc4d754f4e2a62bd940b148f42e33d0c"},"C:\\Users\\alber\\bootCamp\\collab\\skylab-bootcamp-201907\\staff\\albert-fuente\\skyshop\\skyshop-api\\logic\\order\\retrieve-order\\index.spec.js":{"path":"C:\\Users\\alber\\bootCamp\\collab\\skylab-bootcamp-201907\\staff\\albert-fuente\\skyshop\\skyshop-api\\logic\\order\\retrieve-order\\index.spec.js","statementMap":{"0":{"start":{"line":1,"column":0},"end":{"line":1,"column":26}},"1":{"start":{"line":2,"column":19},"end":{"line":2,"column":34}},"2":{"start":{"line":4,"column":22},"end":{"line":4,"column":34}},"3":{"start":{"line":5,"column":57},"end":{"line":5,"column":80}},"4":{"start":{"line":6,"column":26},"end":{"line":6,"column":33}},"5":{"start":{"line":9,"column":0},"end":{"line":119,"column":2}},"6":{"start":{"line":11,"column":4},"end":{"line":11,"column":47}},"7":{"start":{"line":11,"column":17},"end":{"line":11,"column":46}},"8":{"start":{"line":19,"column":4},"end":{"line":53,"column":6}},"9":{"start":{"line":21,"column":8},"end":{"line":21,"column":58}},"10":{"start":{"line":22,"column":8},"end":{"line":22,"column":24}},"11":{"start":{"line":24,"column":8},"end":{"line":24,"column":31}},"12":{"start":{"line":25,"column":12},"end":{"line":25,"column":42}},"13":{"start":{"line":26,"column":12},"end":{"line":26,"column":48}},"14":{"start":{"line":27,"column":12},"end":{"line":27,"column":55}},"15":{"start":{"line":28,"column":12},"end":{"line":28,"column":50}},"16":{"start":{"line":30,"column":12},"end":{"line":30,"column":44}},"17":{"start":{"line":31,"column":12},"end":{"line":31,"column":44}},"18":{"start":{"line":32,"column":12},"end":{"line":32,"column":56}},"19":{"start":{"line":33,"column":12},"end":{"line":33,"column":23}},"20":{"start":{"line":34,"column":12},"end":{"line":34,"column":44}},"21":{"start":{"line":35,"column":12},"end":{"line":35,"column":33}},"22":{"start":{"line":37,"column":26},"end":{"line":37,"column":92}},"23":{"start":{"line":38,"column":12},"end":{"line":38,"column":45}},"24":{"start":{"line":40,"column":23},"end":{"line":40,"column":76}},"25":{"start":{"line":41,"column":12},"end":{"line":41,"column":28}},"26":{"start":{"line":43,"column":23},"end":{"line":43,"column":71}},"27":{"start":{"line":44,"column":12},"end":{"line":44,"column":20}},"28":{"start":{"line":45,"column":12},"end":{"line":45,"column":32}},"29":{"start":{"line":46,"column":12},"end":{"line":46,"column":29}},"30":{"start":{"line":48,"column":22},"end":{"line":48,"column":90}},"31":{"start":{"line":49,"column":12},"end":{"line":49,"column":28}},"32":{"start":{"line":50,"column":12},"end":{"line":50,"column":45}},"33":{"start":{"line":51,"column":12},"end":{"line":51,"column":30}},"34":{"start":{"line":55,"column":8},"end":{"line":67,"column":6}},"35":{"start":{"line":57,"column":8},"end":{"line":57,"column":16}},"36":{"start":{"line":58,"column":21},"end":{"line":58,"column":56}},"37":{"start":{"line":59,"column":8},"end":{"line":59,"column":31}},"38":{"start":{"line":60,"column":8},"end":{"line":60,"column":59}},"39":{"start":{"line":61,"column":8},"end":{"line":61,"column":57}},"40":{"start":{"line":62,"column":8},"end":{"line":62,"column":50}},"41":{"start":{"line":69,"column":4},"end":{"line":78,"column":6}},"42":{"start":{"line":70,"column":8},"end":{"line":70,"column":49}},"43":{"start":{"line":70,"column":15},"end":{"line":70,"column":49}},"44":{"start":{"line":71,"column":8},"end":{"line":77,"column":9}},"45":{"start":{"line":72,"column":12},"end":{"line":72,"column":47}},"46":{"start":{"line":75,"column":12},"end":{"line":75,"column":34}},"47":{"start":{"line":76,"column":12},"end":{"line":76,"column":65}},"48":{"start":{"line":81,"column":0},"end":{"line":85,"column":1}},"49":{"start":{"line":82,"column":0},"end":{"line":84,"column":38}},"50":{"start":{"line":83,"column":4},"end":{"line":83,"column":29}},"51":{"start":{"line":87,"column":0},"end":{"line":91,"column":1}},"52":{"start":{"line":88,"column":0},"end":{"line":90,"column":57}},"53":{"start":{"line":89,"column":4},"end":{"line":89,"column":37}},"54":{"start":{"line":93,"column":0},"end":{"line":97,"column":1}},"55":{"start":{"line":94,"column":0},"end":{"line":96,"column":51}},"56":{"start":{"line":95,"column":4},"end":{"line":95,"column":31}},"57":{"start":{"line":99,"column":0},"end":{"line":103,"column":1}},"58":{"start":{"line":100,"column":0},"end":{"line":102,"column":39}},"59":{"start":{"line":101,"column":4},"end":{"line":101,"column":28}},"60":{"start":{"line":105,"column":0},"end":{"line":109,"column":1}},"61":{"start":{"line":106,"column":0},"end":{"line":108,"column":58}},"62":{"start":{"line":107,"column":4},"end":{"line":107,"column":35}},"63":{"start":{"line":111,"column":0},"end":{"line":115,"column":1}},"64":{"start":{"line":112,"column":0},"end":{"line":114,"column":52}},"65":{"start":{"line":113,"column":4},"end":{"line":113,"column":29}},"66":{"start":{"line":118,"column":4},"end":{"line":118,"column":38}},"67":{"start":{"line":118,"column":16},"end":{"line":118,"column":37}}},"fnMap":{"0":{"name":"(anonymous_0)","decl":{"start":{"line":9,"column":35},"end":{"line":9,"column":36}},"loc":{"start":{"line":9,"column":41},"end":{"line":119,"column":1}},"line":9},"1":{"name":"(anonymous_1)","decl":{"start":{"line":11,"column":11},"end":{"line":11,"column":12}},"loc":{"start":{"line":11,"column":17},"end":{"line":11,"column":46}},"line":11},"2":{"name":"(anonymous_2)","decl":{"start":{"line":19,"column":15},"end":{"line":19,"column":16}},"loc":{"start":{"line":19,"column":26},"end":{"line":53,"column":5}},"line":19},"3":{"name":"(anonymous_3)","decl":{"start":{"line":55,"column":44},"end":{"line":55,"column":45}},"loc":{"start":{"line":55,"column":55},"end":{"line":67,"column":5}},"line":55},"4":{"name":"(anonymous_4)","decl":{"start":{"line":69,"column":35},"end":{"line":69,"column":36}},"loc":{"start":{"line":69,"column":46},"end":{"line":78,"column":5}},"line":69},"5":{"name":"(anonymous_5)","decl":{"start":{"line":81,"column":34},"end":{"line":81,"column":35}},"loc":{"start":{"line":82,"column":0},"end":{"line":84,"column":38}},"line":82},"6":{"name":"(anonymous_6)","decl":{"start":{"line":82,"column":7},"end":{"line":82,"column":8}},"loc":{"start":{"line":83,"column":4},"end":{"line":83,"column":29}},"line":83},"7":{"name":"(anonymous_7)","decl":{"start":{"line":87,"column":38},"end":{"line":87,"column":39}},"loc":{"start":{"line":88,"column":0},"end":{"line":90,"column":57}},"line":88},"8":{"name":"(anonymous_8)","decl":{"start":{"line":88,"column":7},"end":{"line":88,"column":8}},"loc":{"start":{"line":89,"column":4},"end":{"line":89,"column":37}},"line":89},"9":{"name":"(anonymous_9)","decl":{"start":{"line":93,"column":48},"end":{"line":93,"column":49}},"loc":{"start":{"line":94,"column":0},"end":{"line":96,"column":51}},"line":94},"10":{"name":"(anonymous_10)","decl":{"start":{"line":94,"column":7},"end":{"line":94,"column":8}},"loc":{"start":{"line":95,"column":4},"end":{"line":95,"column":31}},"line":95},"11":{"name":"(anonymous_11)","decl":{"start":{"line":99,"column":35},"end":{"line":99,"column":36}},"loc":{"start":{"line":100,"column":0},"end":{"line":102,"column":39}},"line":100},"12":{"name":"(anonymous_12)","decl":{"start":{"line":100,"column":7},"end":{"line":100,"column":8}},"loc":{"start":{"line":101,"column":4},"end":{"line":101,"column":28}},"line":101},"13":{"name":"(anonymous_13)","decl":{"start":{"line":105,"column":39},"end":{"line":105,"column":40}},"loc":{"start":{"line":106,"column":0},"end":{"line":108,"column":58}},"line":106},"14":{"name":"(anonymous_14)","decl":{"start":{"line":106,"column":7},"end":{"line":106,"column":8}},"loc":{"start":{"line":107,"column":4},"end":{"line":107,"column":35}},"line":107},"15":{"name":"(anonymous_15)","decl":{"start":{"line":111,"column":49},"end":{"line":111,"column":50}},"loc":{"start":{"line":112,"column":0},"end":{"line":114,"column":52}},"line":112},"16":{"name":"(anonymous_16)","decl":{"start":{"line":112,"column":7},"end":{"line":112,"column":8}},"loc":{"start":{"line":113,"column":4},"end":{"line":113,"column":29}},"line":113},"17":{"name":"(anonymous_17)","decl":{"start":{"line":118,"column":10},"end":{"line":118,"column":11}},"loc":{"start":{"line":118,"column":16},"end":{"line":118,"column":37}},"line":118}},"branchMap":{},"s":{"0":1,"1":1,"2":1,"3":1,"4":1,"5":1,"6":1,"7":1,"8":1,"9":8,"10":8,"11":8,"12":8,"13":8,"14":8,"15":8,"16":8,"17":8,"18":8,"19":8,"20":8,"21":8,"22":8,"23":8,"24":8,"25":8,"26":8,"27":8,"28":8,"29":8,"30":8,"31":8,"32":8,"33":8,"34":1,"35":1,"36":1,"37":1,"38":1,"39":1,"40":1,"41":1,"42":1,"43":1,"44":1,"45":1,"46":0,"47":0,"48":1,"49":1,"50":1,"51":1,"52":1,"53":1,"54":1,"55":1,"56":1,"57":1,"58":1,"59":1,"60":1,"61":1,"62":1,"63":1,"64":1,"65":1,"66":1,"67":1},"f":{"0":1,"1":1,"2":8,"3":1,"4":1,"5":1,"6":1,"7":1,"8":1,"9":1,"10":1,"11":1,"12":1,"13":1,"14":1,"15":1,"16":1,"17":1},"b":{},"_coverageSchema":"43e27e138ebf9cfc5966b082cf9a028302ed4184","hash":"1b71802ed91f41fd980286282b6f7ccb31ae783a","contentHash":"aca96811838ee88055340943d1dca71776a9e43db9c59bc903cce939d023e379"},"C:\\Users\\alber\\bootCamp\\collab\\skylab-bootcamp-201907\\staff\\albert-fuente\\skyshop\\skyshop-api\\logic\\order\\retrieve-order\\index.js":{"path":"C:\\Users\\alber\\bootCamp\\collab\\skylab-bootcamp-201907\\staff\\albert-fuente\\skyshop\\skyshop-api\\logic\\order\\retrieve-order\\index.js","statementMap":{"0":{"start":{"line":1,"column":51},"end":{"line":1,"column":74}},"1":{"start":{"line":2,"column":21},"end":{"line":2,"column":45}},"2":{"start":{"line":13,"column":0},"end":{"line":35,"column":1}},"3":{"start":{"line":14,"column":4},"end":{"line":14,"column":37}},"4":{"start":{"line":15,"column":4},"end":{"line":15,"column":39}},"5":{"start":{"line":17,"column":4},"end":{"line":34,"column":8}},"6":{"start":{"line":18,"column":21},"end":{"line":18,"column":48}},"7":{"start":{"line":19,"column":8},"end":{"line":19,"column":71}},"8":{"start":{"line":19,"column":19},"end":{"line":19,"column":71}},"9":{"start":{"line":20,"column":22},"end":{"line":20,"column":75}},"10":{"start":{"line":21,"column":8},"end":{"line":21,"column":72}},"11":{"start":{"line":21,"column":19},"end":{"line":21,"column":72}},"12":{"start":{"line":23,"column":8},"end":{"line":26,"column":10}},"13":{"start":{"line":24,"column":12},"end":{"line":24,"column":43}},"14":{"start":{"line":25,"column":8},"end":{"line":25,"column":24}},"15":{"start":{"line":28,"column":8},"end":{"line":28,"column":30}},"16":{"start":{"line":29,"column":8},"end":{"line":33,"column":9}},"17":{"start":{"line":30,"column":12},"end":{"line":30,"column":24}},"18":{"start":{"line":32,"column":12},"en
[...]
":23},"end":{"line":19,"column":72}},"8":{"start":{"line":20,"column":12},"end":{"line":20,"column":24}},"9":{"start":{"line":21,"column":12},"end":{"line":21,"column":29}}},"fnMap":{"0":{"name":"(anonymous_0)","decl":{"start":{"line":12,"column":17},"end":{"line":12,"column":18}},"loc":{"start":{"line":12,"column":30},"end":{"line":33,"column":1}},"line":12},"1":{"name":"(anonymous_1)","decl":{"start":{"line":16,"column":11},"end":{"line":16,"column":12}},"loc":{"start":{"line":16,"column":20},"end":{"line":23,"column":5}},"line":16}},"branchMap":{"0":{"loc":{"start":{"line":19,"column":12},"end":{"line":19,"column":72}},"type":"if","locations":[{"start":{"line":19,"column":12},"end":{"line":19,"column":72}},{"start":{"line":19,"column":12},"end":{"line":19,"column":72}}],"line":19}},"s":{"0":1,"1":1,"2":1,"3":5,"4":2,"5":2,"6":2,"7":1,"8":1,"9":1},"f":{"0":5,"1":2},"b":{"0":[1,1]},"_coverageSchema":"43e27e138ebf9cfc5966b082cf9a028302ed4184","hash":"7ca89e9c0f432f03626de528840ca1359b36820d","contentHash":"be6fa1a2b8210cbfeb33de9a4243142410eb0914401f1120f610abd23c49023e"},"C:\\Users\\alber\\bootCamp\\collab\\skylab-bootcamp-201907\\staff\\albert-fuente\\skyshop\\skyshop-api\\logic\\user\\unregister\\index.spec.js":{"path":"C:\\Users\\alber\\bootCamp\\collab\\skylab-bootcamp-201907\\staff\\albert-fuente\\skyshop\\skyshop-api\\logic\\user\\unregister\\index.spec.js","statementMap":{"0":{"start":{"line":1,"column":0},"end":{"line":1,"column":26}},"1":{"start":{"line":2,"column":19},"end":{"line":2,"column":34}},"2":{"start":{"line":3,"column":17},"end":{"line":3,"column":29}},"3":{"start":{"line":4,"column":35},"end":{"line":4,"column":58}},"4":{"start":{"line":5,"column":15},"end":{"line":5,"column":34}},"5":{"start":{"line":8,"column":26},"end":{"line":8,"column":33}},"6":{"start":{"line":10,"column":0},"end":{"line":83,"column":2}},"7":{"start":{"line":11,"column":4},"end":{"line":11,"column":47}},"8":{"start":{"line":11,"column":17},"end":{"line":11,"column":46}},"9":{"start":{"line":15,"column":4},"end":{"line":24,"column":6}},"10":{"start":{"line":16,"column":8},"end":{"line":16,"column":38}},"11":{"start":{"line":17,"column":8},"end":{"line":17,"column":44}},"12":{"start":{"line":18,"column":8},"end":{"line":18,"column":51}},"13":{"start":{"line":19,"column":8},"end":{"line":19,"column":46}},"14":{"start":{"line":21,"column":8},"end":{"line":21,"column":31}},"15":{"start":{"line":22,"column":19},"end":{"line":22,"column":107}},"16":{"start":{"line":23,"column":12},"end":{"line":23,"column":24}},"17":{"start":{"line":26,"column":4},"end":{"line":32,"column":6}},"18":{"start":{"line":27,"column":21},"end":{"line":27,"column":51}},"19":{"start":{"line":29,"column":8},"end":{"line":29,"column":35}},"20":{"start":{"line":30,"column":19},"end":{"line":30,"column":42}},"21":{"start":{"line":31,"column":8},"end":{"line":31,"column":33}},"22":{"start":{"line":34,"column":4},"end":{"line":43,"column":6}},"23":{"start":{"line":35,"column":8},"end":{"line":42,"column":9}},"24":{"start":{"line":36,"column":12},"end":{"line":36,"column":66}},"25":{"start":{"line":37,"column":12},"end":{"line":37,"column":54}},"26":{"start":{"line":40,"column":12},"end":{"line":40,"column":64}},"27":{"start":{"line":45,"column":4},"end":{"line":53,"column":6}},"28":{"start":{"line":46,"column":8},"end":{"line":52,"column":9}},"29":{"start":{"line":47,"column":12},"end":{"line":47,"column":50}},"30":{"start":{"line":50,"column":12},"end":{"line":50,"column":63}},"31":{"start":{"line":55,"column":4},"end":{"line":59,"column":5}},"32":{"start":{"line":56,"column":4},"end":{"line":58,"column":38}},"33":{"start":{"line":57,"column":8},"end":{"line":57,"column":32}},"34":{"start":{"line":60,"column":4},"end":{"line":64,"column":5}},"35":{"start":{"line":61,"column":8},"end":{"line":63,"column":61}},"36":{"start":{"line":62,"column":12},"end":{"line":62,"column":43}},"37":{"start":{"line":65,"column":4},"end":{"line":69,"column":1}},"38":{"start":{"line":66,"column":4},"end":{"line":68,"column":51}},"39":{"start":{"line":67,"column":8},"end":{"line":67,"column":33}},"40":{"start":{"line":71,"column":4},"end":{"line":75,"column":5}},"41":{"start":{"line":72,"column":4},"end":{"line":74,"column":44}},"42":{"start":{"line":73,"column":8},"end":{"line":73,"column":26}},"43":{"start":{"line":76,"column":4},"end":{"line":80,"column":5}},"44":{"start":{"line":77,"column":8},"end":{"line":79,"column":67}},"45":{"start":{"line":78,"column":12},"end":{"line":78,"column":37}},"46":{"start":{"line":82,"column":4},"end":{"line":82,"column":38}},"47":{"start":{"line":82,"column":16},"end":{"line":82,"column":37}}},"fnMap":{"0":{"name":"(anonymous_0)","decl":{"start":{"line":10,"column":36},"end":{"line":10,"column":37}},"loc":{"start":{"line":10,"column":42},"end":{"line":83,"column":1}},"line":10},"1":{"name":"(anonymous_1)","decl":{"start":{"line":11,"column":11},"end":{"line":11,"column":12}},"loc":{"start":{"line":11,"column":17},"end":{"line":11,"column":46}},"line":11},"2":{"name":"(anonymous_2)","decl":{"start":{"line":15,"column":15},"end":{"line":15,"column":16}},"loc":{"start":{"line":15,"column":26},"end":{"line":24,"column":5}},"line":15},"3":{"name":"(anonymous_3)","decl":{"start":{"line":26,"column":40},"end":{"line":26,"column":41}},"loc":{"start":{"line":26,"column":51},"end":{"line":32,"column":5}},"line":26},"4":{"name":"(anonymous_4)","decl":{"start":{"line":34,"column":40},"end":{"line":34,"column":41}},"loc":{"start":{"line":34,"column":51},"end":{"line":43,"column":5}},"line":34},"5":{"name":"(anonymous_5)","decl":{"start":{"line":45,"column":59},"end":{"line":45,"column":60}},"loc":{"start":{"line":45,"column":69},"end":{"line":53,"column":5}},"line":45},"6":{"name":"(anonymous_6)","decl":{"start":{"line":55,"column":34},"end":{"line":55,"column":35}},"loc":{"start":{"line":56,"column":4},"end":{"line":58,"column":38}},"line":56},"7":{"name":"(anonymous_7)","decl":{"start":{"line":56,"column":11},"end":{"line":56,"column":12}},"loc":{"start":{"line":57,"column":8},"end":{"line":57,"column":32}},"line":57},"8":{"name":"(anonymous_8)","decl":{"start":{"line":60,"column":38},"end":{"line":60,"column":39}},"loc":{"start":{"line":61,"column":8},"end":{"line":63,"column":61}},"line":61},"9":{"name":"(anonymous_9)","decl":{"start":{"line":61,"column":15},"end":{"line":61,"column":16}},"loc":{"start":{"line":62,"column":12},"end":{"line":62,"column":43}},"line":62},"10":{"name":"(anonymous_10)","decl":{"start":{"line":65,"column":34},"end":{"line":65,"column":35}},"loc":{"start":{"line":66,"column":4},"end":{"line":68,"column":51}},"line":66},"11":{"name":"(anonymous_11)","decl":{"start":{"line":66,"column":11},"end":{"line":66,"column":12}},"loc":{"start":{"line":67,"column":8},"end":{"line":67,"column":33}},"line":67},"12":{"name":"(anonymous_12)","decl":{"start":{"line":71,"column":40},"end":{"line":71,"column":41}},"loc":{"start":{"line":72,"column":4},"end":{"line":74,"column":44}},"line":72},"13":{"name":"(anonymous_13)","decl":{"start":{"line":72,"column":11},"end":{"line":72,"column":12}},"loc":{"start":{"line":73,"column":8},"end":{"line":73,"column":26}},"line":73},"14":{"name":"(anonymous_14)","decl":{"start":{"line":76,"column":44},"end":{"line":76,"column":45}},"loc":{"start":{"line":77,"column":8},"end":{"line":79,"column":67}},"line":77},"15":{"name":"(anonymous_15)","decl":{"start":{"line":77,"column":15},"end":{"line":77,"column":16}},"loc":{"start":{"line":78,"column":12},"end":{"line":78,"column":37}},"line":78},"16":{"name":"(anonymous_16)","decl":{"start":{"line":82,"column":10},"end":{"line":82,"column":11}},"loc":{"start":{"line":82,"column":16},"end":{"line":82,"column":37}},"line":82}},"branchMap":{},"s":{"0":1,"1":1,"2":1,"3":1,"4":1,"5":1,"6":1,"7":1,"8":1,"9":1,"10":8,"11":8,"12":8,"13":8,"14":8,"15":8,"16":8,"17":1,"18":1,"19":1,"20":1,"21":1,"22":1,"23":1,"24":1,"25":0,"26":1,"27":1,"28":1,"29":1,"30":1,"31":1,"32":1,"33":1,"34":1,"35":1,"36":1,"37":1,"38":1,"39":1,"40":1,"41":1,"42":1,"43":1,"44":1,"45":1,"46":1,"47":1},"f":{"0":1,"1":1,"2":8,"3":1,"4":1,"5":1,"6":1,"7":1,"8":1,"9":1,"10":1,"11":1,"12":1,"13":1,"14":1,"15":1,"16":1},"b":{},"_coverageSchema":"43e27e138ebf9cfc5966b082cf9a028302ed4184","hash":"0e58193574de796ccda032c7c3ff72e6d93ebd6c","contentHash":"b05977434923f75a0b120085acae584b960c94fbfaf534085392a40a2a7fb391"},"C:\\Users\\alber\\bootCamp\\collab\\skylab-bootcamp-201907\\staff\\albert-fuente\\skyshop\\skyshop-api\\logic\\user\\unregister\\index.js":{"path":"C:\\Users\\alber\\bootCamp\\collab\\skylab-bootcamp-201907\\staff\\albert-fuente\\skyshop\\skyshop-api\\logic\\user\\unregister\\index.js","statementMap":{"0":{"start":{"line":1,"column":26},"end":{"line":1,"column":49}},"1":{"start":{"line":2,"column":19},"end":{"line":2,"column":43}},"2":{"start":{"line":3,"column":15},"end":{"line":3,"column":34}},"3":{"start":{"line":13,"column":0},"end":{"line":29,"column":1}},"4":{"start":{"line":14,"column":4},"end":{"line":14,"column":41}},"5":{"start":{"line":15,"column":4},"end":{"line":15,"column":29}},"6":{"start":{"line":17,"column":4},"end":{"line":27,"column":8}},"7":{"start":{"line":18,"column":19},"end":{"line":18,"column":42}},"8":{"start":{"line":19,"column":12},"end":{"line":19,"column":56}},"9":{"start":{"line":19,"column":23},"end":{"line":19,"column":56}},"10":{"start":{"line":20,"column":26},"end":{"line":20,"column":71}},"11":{"start":{"line":22,"column":12},"end":{"line":22,"column":56}},"12":{"start":{"line":22,"column":24},"end":{"line":22,"column":56}},"13":{"start":{"line":24,"column":21},"end":{"line":24,"column":54}},"14":{"start":{"line":25,"column":12},"end":{"line":25,"column":74}},"15":{"start":{"line":25,"column":38},"end":{"line":25,"column":74}}},"fnMap":{"0":{"name":"(anonymous_0)","decl":{"start":{"line":13,"column":17},"end":{"line":13,"column":18}},"loc":{"start":{"line":13,"column":41},"end":{"line":29,"column":1}},"line":13},"1":{"name":"(anonymous_1)","decl":{"start":{"line":17,"column":11},"end":{"line":17,"column":12}},"loc":{"start":{"line":17,"column":20},"end":{"line":27,"column":5}},"line":17}},"branchMap":{"0":{"loc":{"start":{"line":19,"column":12},"end":{"line":19,"column":56}},"type":"if","locations":[{"start":{"line":19,"column":12},"end":{"line":19,"column":56}},{"start":{"line":19,"column":12},"end":{"line":19,"column":56}}],"line":19},"1":{"loc":{"start":{"line":22,"column":12},"end":{"line":22,"column":56}},"type":"if","locations":[{"start":{"line":22,"column":12},"end":{"line":22,"column":56}},{"start":{"line":22,"column":12},"end":{"line":22,"column":56}}],"line":22},"2":{"loc":{"start":{"line":25,"column":12},"end":{"line":25,"column":74}},"type":"if","locations":[{"start":{"line":25,"column":12},"end":{"line":25,"column":74}},{"start":{"line":25,"column":12},"end":{"line":25,"column":74}}],"line":25}},"s":{"0":1,"1":1,"2":1,"3":1,"4":8,"5":6,"6":3,"7":3,"8":3,"9":1,"10":2,"11":2,"12":1,"13":1,"14":1,"15":0},"f":{"0":8,"1":3},"b":{"0":[1,2],"1":[1,1],"2":[0,1]},"_coverageSchema":"43e27e138ebf9cfc5966b082cf9a028302ed4184","hash":"33b3e4399790967165a7c27ae837c1afb7b973a5","contentHash":"653507fddaec8d099dfb2d2394f077998c471c4cc07c8793c3fc54207ee419de"},"C:\\Users\\alber\\bootCamp\\collab\\skylab-bootcamp-201907\\staff\\albert-fuente\\skyshop\\skyshop-api\\logic\\user\\update\\index.spec.js":{"path":"C:\\Users\\alber\\bootCamp\\collab\\skylab-bootcamp-201907\\staff\\albert-fuente\\skyshop\\skyshop-api\\logic\\user\\update\\index.spec.js","statementMap":{"0":{"start":{"line":1,"column":0},"end":{"line":1,"column":26}},"1":{"start":{"line":2,"column":19},"end":{"line":2,"column":34}},"2":{"start":{"line":3,"column":13},"end":{"line":3,"column":25}},"3":{"start":{"line":4,"column":35},"end":{"line":4,"column":58}},"4":{"start":{"line":5,"column":15},"end":{"line":5,"column":34}},"5":{"start":{"line":8,"column":26},"end":{"line":8,"column":33}},"6":{"start":{"line":10,"column":0},"end":{"line":86,"column":2}},"7":{"start":{"line":11,"column":4},"end":{"line":11,"column":47}},"8":{"start":{"line":11,"column":17},"end":{"line":11,"column":46}},"9":{"start":{"line":15,"column":4},"end":{"line":32,"column":6}},"10":{"start":{"line":16,"column":8},"end":{"line":16,"column":38}},"11":{"start":{"line":17,"column":8},"end":{"line":17,"column":44}},"12":{"start":{"line":18,"column":8},"end":{"line":18,"column":51}},"13":{"start":{"line":19,"column":8},"end":{"line":19,"column":46}},"14":{"start":{"line":21,"column":8},"end":{"line":27,"column":9}},"15":{"start":{"line":29,"column":8},"end":{"line":29,"column":31}},"16":{"start":{"line":30,"column":23},"end":{"line":30,"column":76}},"17":{"start":{"line":31,"column":13},"end":{"line":31,"column":25}},"18":{"start":{"line":34,"column":4},"end":{"line":48,"column":6}},"19":{"start":{"line":35,"column":21},"end":{"line":35,"column":43}},"20":{"start":{"line":37,"column":12},"end":{"line":37,"column":39}},"21":{"start":{"line":39,"column":23},"end":{"line":39,"column":46}},"22":{"start":{"line":41,"column":12},"end":{"line":41,"column":33}},"23":{"start":{"line":42,"column":12},"end":{"line":42,"column":49}},"24":{"start":{"line":43,"column":12},"end":{"line":43,"column":55}},"25":{"start":{"line":44,"column":12},"end":{"line":44,"column":51}},"26":{"start":{"line":45,"column":12},"end":{"line":45,"column":43}},"27":{"start":{"line":46,"column":12},"end":{"line":46,"column":57}},"28":{"start":{"line":50,"column":4},"end":{"line":59,"column":6}},"29":{"start":{"line":51,"column":8},"end":{"line":51,"column":39}},"30":{"start":{"line":52,"column":8},"end":{"line":58,"column":9}},"31":{"start":{"line":53,"column":12},"end":{"line":53,"column":34}},"32":{"start":{"line":54,"column":13},"end":{"line":54,"column":59}},"33":{"start":{"line":57,"column":12},"end":{"line":57,"column":79}},"34":{"start":{"line":61,"column":4},"end":{"line":70,"column":6}},"35":{"start":{"line":63,"column":8},"end":{"line":69,"column":9}},"36":{"start":{"line":64,"column":12},"end":{"line":64,"column":30}},"37":{"start":{"line":65,"column":13},"end":{"line":65,"column":59}},"38":{"start":{"line":68,"column":12},"end":{"line":68,"column":73}},"39":{"start":{"line":72,"column":4},"end":{"line":76,"column":5}},"40":{"start":{"line":73,"column":4},"end":{"line":75,"column":38}},"41":{"start":{"line":74,"column":8},"end":{"line":74,"column":24}},"42":{"start":{"line":77,"column":4},"end":{"line":81,"column":5}},"43":{"start":{"line":78,"column":8},"end":{"line":80,"column":61}},"44":{"start":{"line":79,"column":12},"end":{"line":79,"column":35}},"45":{"start":{"line":85,"column":4},"end":{"line":85,"column":38}},"46":{"start":{"line":85,"column":16},"end":{"line":85,"column":37}}},"fnMap":{"0":{"name":"(anonymous_0)","decl":{"start":{"line":10,"column":32},"end":{"line":10,"column":33}},"loc":{"start":{"line":10,"column":38},"end":{"line":86,"column":1}},"line":10},"1":{"name":"(anonymous_1)","decl":{"start":{"line":11,"column":11},"end":{"line":11,"column":12}},"loc":{"start":{"line":11,"column":17},"end":{"line":11,"column":46}},"line":11},"2":{"name":"(anonymous_2)","decl":{"start":{"line":15,"column":15},"end":{"line":15,"column":16}},"loc":{"start":{"line":15,"column":26},"end":{"line":32,"column":5}},"line":15},"3":{"name":"(anonymous_3)","decl":{"start":{"line":34,"column":41},"end":{"line":34,"column":42}},"loc":{"start":{"line":34,"column":51},"end":{"line":48,"column":5}},"line":34},"4":{"name":"(anonymous_4)","decl":{"start":{"line":50,"column":43},"end":{"line":50,"column":44}},"loc":{"start":{"line":50,"column":55},"end":{"line":59,"column":5}},"line":50},"5":{"name":"(anonymous_5)","decl":{"start":{"line":61,"column":43},"end":{"line":61,"column":44}},"loc":{"start":{"line":61,"column":55},"end":{"line":70,"column":5}},"line":61},"6":{"name":"(anonymous_6)","decl":{"start":{"line":72,"column":34},"end":{"line":72,"column":35}},"loc":{"start":{"line":73,"column":4},"end":{"line":75,"column":38}},"line":73},"7":{"name":"(anonymous_7)","decl":{"start":{"line":73,"column":11},"end":{"line":73,"column":12}},"loc":{"start":{"line":74,"column":8},"end":{"line":74,"column":24}},"line":74},"8":{"name":"(anonymous_8)","decl":{"start":{"line":77,"column":38},"end":{"line":77,"column":39}},"loc":{"start":{"line":78,"column":8},"end":{"line":80,"column":61}},"line":78},"9":{"name":"(anonymous_9)","decl":{"start":{"line":78,"column":15},"end":{"line":78,"column":16}},"loc":{"start":{"line":79,"column":12},"end":{"line":79,"column":35}},"line":79},"10":{"name":"(anonymous_10)","decl":{"start":{"line":85,"column":10},"end":{"line":85,"column":11}},"loc":{"start":{"line":85,"column":16},"end":{"line":85,"column":37}},"line":85}},"branchMap":{},"s":{"0":1,"1":1,"2":1,"3":1,"4":1,"5":1,"6":1,"7":1,"8":1,"9":1,"10":5,"11":5,"12":5,"13":5,"14":5,"15":5,"16":5,"17":5,"18":1,"19":1,"20":1,"21":1,"22":1,"23":1,"24":1,"25":1,"26":1,"27":1,"28":1,"29":1,"30":1,"31":1,"32":0,"33":1,"34":1,"35":1,"36":1,"37":0,"38":1,"39":1,"40":1,"41":1,"42":1,"43":1,"44":1,"45":1,"46":1},"f":{"0":1,"1":1,"2":5,"3":1,"4":1,"5":1,"6":1,"7":1,"8":1,"9":1,"10":1},"b":{},"_coverageSchema":"43e27e138ebf9cfc5966b082cf9a028302ed4184","hash":"21352ba6216cfca72aed4323bad93ba6684b0916","contentHash":"83ae30fbfe62f5a90d086143f32f6fede67a845086f42bddd2e82db3e38fdf7a"},"C:\\Users\\alber\\bootCamp\\collab\\skylab-bootcamp-201907\\staff\\albert-fuente\\skyshop\\skyshop-api\\logic\\user\\update\\index.js":{"path":"C:\\Users\\alber\\bootCamp\\collab\\skylab-bootcamp-201907\\staff\\albert-fuente\\skyshop\\skyshop-api\\logic\\user\\update\\index.js","statementMap":{"0":{"start":{"line":1,"column":19},"end":{"line":1,"column":43}},"1":{"start":{"line":2,"column":26},"end":{"line":2,"column":49}},"2":{"start":{"line":3,"column":15},"end":{"line":3,"column":34}},"3":{"start":{"line":14,"column":0},"end":{"line":33,"column":1}},"4":{"start":{"line":15,"column":4},"end":{"line":15,"column":29}},"5":{"start":{"line":16,"column":4},"end":{"line":16,"column":65}},"6":{"start":{"line":16,"column":23},"end":{"line":16,"column":65}},"7":{"start":{"line":17,"column":4},"end":{"line":31,"column":8}},"8":{"start":{"line":19,"column":8},"end":{"line":26,"column":13}},"9":{"start":{"line":20,"column":25},"end":{"line":20,"column":71}},"10":{"start":{"line":22,"column":12},"end":{"line":22,"column":42}},"11":{"start":{"line":24,"column":25},"end":{"line":24,"column":83}},"12":{"start":{"line":25,"column":12},"end":{"line":25,"column":75}},"13":{"start":{"line":25,"column":23},"end":{"line":25,"column":75}}},"fnMap":{"0":{"name":"(anonymous_0)","decl":{"start":{"line":14,"column":17},"end":{"line":14,"column":18}},"loc":{"start":{"line":14,"column":46},"end":{"line":33,"column":1}},"line":14},"1":{"name":"(anonymous_1)","decl":{"start":{"line":17,"column":11},"end":{"line":17,"column":12}},"loc":{"start":{"line":17,"column":20},"end":{"line":31,"column":5}},"line":17}},"branchMap":{"0":{"loc":{"start":{"line":16,"column":4},"end":{"line":16,"column":65}},"type":"if","locations":[{"start":{"line":16,"column":4},"end":{"line":16,"column":65}},{"start":{"line":16,"column":4},"end":{"line":16,"column":65}}],"line":16},"1":{"loc":{"start":{"line":19,"column":8},"end":{"line":26,"column":13}},"type":"if","locations":[{"start":{"line":19,"column":8},"end":{"line":26,"column":13}},{"start":{"line":19,"column":8},"end":{"line":26,"column":13}}],"line":19},"2":{"loc":{"start":{"line":25,"column":12},"end":{"line":25,"column":75}},"type":"if","locations":[{"start":{"line":25,"column":12},"end":{"line":25,"column":75}},{"start":{"line":25,"column":12},"end":{"line":25,"column":75}}],"line":25}},"s":{"0":1,"1":1,"2":1,"3":1,"4":5,"5":3,"6":1,"7":2,"8":2,"9":2,"10":2,"11":2,"12":2,"13":1},"f":{"0":5,"1":2},"b":{"0":[1,2],"1":[2,0],"2":[1,1]},"_coverageSchema":"43e27e138ebf9cfc5966b082cf9a028302ed4184","hash":"703388d7ae2a7dfe6dc4d370904a96477a132839","contentHash":"1749b4749e4be15cf99c97e802d63a357a3d21b96087c7a12090e43ea77930d2"}}